#
# There is insufficient memory for the Java Runtime Environment to continue.
# Native memory allocation (mmap) failed to map 362807296 bytes for committing reserved memory.
# Possible reasons:
#   The system is out of physical RAM or swap space
#   The process is running with CompressedOops enabled, and the Java Heap may be blocking the growth of the native heap
# Possible solutions:
#   Reduce memory load on the system
#   Increase physical memory or swap space
#   Check if swap backing store is full
#   Decrease Java heap size (-Xmx/-Xms)
#   Decrease number of Java threads
#   Decrease Java thread stack sizes (-Xss)
#   Set larger code cache with -XX:ReservedCodeCacheSize=
#   JVM is running with Zero Based Compressed Oops mode in which the Java heap is
#     placed in the first 32GB address space. The Java Heap base address is the
#     maximum limit for the native heap growth. Please use -XX:HeapBaseMinAddress
#     to set the Java Heap base and to place the Java Heap above 32GB virtual address.
# This output file may be truncated or incomplete.
#
#  Out of Memory Error (os_linux.cpp:2893), pid=17166, tid=17191
#
# JRE version: OpenJDK Runtime Environment (11.0.4+11) (build 11.0.4+11-post-Ubuntu-1ubuntu218.04.3)
# Java VM: OpenJDK 64-Bit Server VM (11.0.4+11-post-Ubuntu-1ubuntu218.04.3, mixed mode, sharing, tiered, compressed oops, g1 gc, linux-amd64)
# Core dump will be written. Default location: Core dumps may be processed with "/usr/share/apport/apport %p %s %c %d %P" (or dumping to /home/webwerks/Documents/Study/Docker-swarm/micro-service/naming/core.17166)
#

---------------  S U M M A R Y ------------

Command Line: -Dclassworlds.conf=/usr/share/maven/bin/m2.conf -Dmaven.home=/usr/share/maven -Dlibrary.jansi.path=/usr/share/maven/lib/jansi-native -Dmaven.multiModuleProjectDirectory=/home/webwerks/Documents/Study/Docker-swarm/micro-service/naming org.codehaus.plexus.classworlds.launcher.Launcher --batch-mode validate dependency:sources -DincludeScope=test -DoutputAbsoluteArtifactFilename=true

Host: Intel(R) Core(TM) i5-3320M CPU @ 2.60GHz, 4 cores, 15G, Ubuntu 18.04.2 LTS
Time: Fri Sep  6 19:16:12 2019 IST elapsed time: 73 seconds (0d 0h 1m 13s)

---------------  T H R E A D  ---------------

Current thread (0x00007f18941b3000):  VMThread "VM Thread" [stack: 0x00007f186c368000,0x00007f186c468000] [id=17191]

Stack: [0x00007f186c368000,0x00007f186c468000],  sp=0x00007f186c465ff0,  free space=1015k
Native frames: (J=compiled Java code, A=aot compiled Java code, j=interpreted, Vv=VM code, C=native code)
V  [libjvm.so+0xde4547]
V  [libjvm.so+0xde519b]
V  [libjvm.so+0x6511a5]
V  [libjvm.so+0xbbed38]
V  [libjvm.so+0xbb5ebd]
V  [libjvm.so+0x76f53f]
V  [libjvm.so+0x76f7ae]
V  [libjvm.so+0x77b820]
V  [libjvm.so+0x7f6969]
V  [libjvm.so+0x7f75c2]
V  [libjvm.so+0x7f7a29]
V  [libjvm.so+0x72de6f]
V  [libjvm.so+0x732b6a]
V  [libjvm.so+0xdf01e1]
V  [libjvm.so+0xdeeda8]
V  [libjvm.so+0xdec5e6]
V  [libjvm.so+0xdecaf0]
V  [libjvm.so+0xdecf23]
V  [libjvm.so+0xd7aeea]
V  [libjvm.so+0xbc4a5e]

VM_Operation (0x00007f189bd348f0): G1CollectForAllocation, mode: safepoint, requested by thread 0x00007f1894012000


---------------  P R O C E S S  ---------------

Threads class SMR info:
_java_thread_list=0x00007f1818024670, length=14, elements={
0x00007f1894012000, 0x00007f18941b6000, 0x00007f18941b8000, 0x00007f18941bd800,
0x00007f18941bf800, 0x00007f18941c1800, 0x00007f18941c3800, 0x00007f18941f2800,
0x00007f18941fb800, 0x00007f1844003000, 0x00007f18240bc800, 0x00007f1814001800,
0x00007f181801a000, 0x00007f1818023000
}

Java Threads: ( => current thread )
  0x00007f1894012000 JavaThread "main" [_thread_blocked, id=17185, stack(0x00007f189bc38000,0x00007f189bd39000)]
  0x00007f18941b6000 JavaThread "Reference Handler" daemon [_thread_blocked, id=17192, stack(0x00007f186c265000,0x00007f186c366000)]
  0x00007f18941b8000 JavaThread "Finalizer" daemon [_thread_blocked, id=17193, stack(0x00007f186c164000,0x00007f186c265000)]
  0x00007f18941bd800 JavaThread "Signal Dispatcher" daemon [_thread_blocked, id=17195, stack(0x00007f186c063000,0x00007f186c164000)]
  0x00007f18941bf800 JavaThread "C2 CompilerThread0" daemon [_thread_blocked, id=17196, stack(0x00007f185ed30000,0x00007f185ee31000)]
  0x00007f18941c1800 JavaThread "C1 CompilerThread0" daemon [_thread_blocked, id=17197, stack(0x00007f185ec2f000,0x00007f185ed30000)]
  0x00007f18941c3800 JavaThread "Sweeper thread" daemon [_thread_blocked, id=17198, stack(0x00007f185eb2e000,0x00007f185ec2f000)]
  0x00007f18941f2800 JavaThread "Service Thread" daemon [_thread_blocked, id=17199, stack(0x00007f185ea2d000,0x00007f185eb2e000)]
  0x00007f18941fb800 JavaThread "Common-Cleaner" daemon [_thread_blocked, id=17201, stack(0x00007f185e82a000,0x00007f185e92b000)]
  0x00007f1844003000 JavaThread "Attach Listener" daemon [_thread_blocked, id=17230, stack(0x00007f185e200000,0x00007f185e301000)]
  0x00007f18240bc800 JavaThread "RMI TCP Accept-0" daemon [_thread_blocked, id=17266, stack(0x00007f185e301000,0x00007f185e402000)]
  0x00007f1814001800 JavaThread "RMI TCP Connection(idle)" daemon [_thread_blocked, id=17285, stack(0x00007f185cee9000,0x00007f185cfea000)]
  0x00007f181801a000 JavaThread "RMI Scheduler(0)" daemon [_thread_blocked, id=17286, stack(0x00007f185cde8000,0x00007f185cee9000)]
  0x00007f1818023000 JavaThread "JMX server connection timeout 18" daemon [_thread_blocked, id=17287, stack(0x00007f185cce7000,0x00007f185cde8000)]

Other Threads:
=>0x00007f18941b3000 VMThread "VM Thread" [stack: 0x00007f186c368000,0x00007f186c468000] [id=17191]
  0x00007f18941f5000 WatcherThread [stack: 0x00007f185e92d000,0x00007f185ea2d000] [id=17200]
  0x00007f1894028800 GCTaskThread "GC Thread#0" [stack: 0x00007f187c565000,0x00007f187c665000] [id=17186]
  0x00007f1854001000 GCTaskThread "GC Thread#1" [stack: 0x00007f185dcf5000,0x00007f185ddf5000] [id=17259]
  0x00007f1854002000 GCTaskThread "GC Thread#2" [stack: 0x00007f185dbf3000,0x00007f185dcf3000] [id=17260]
  0x00007f1854003800 GCTaskThread "GC Thread#3" [stack: 0x00007f185daf1000,0x00007f185dbf1000] [id=17261]
  0x00007f1894086000 ConcurrentGCThread "G1 Main Marker" [stack: 0x00007f187c05f000,0x00007f187c15f000] [id=17187]
  0x00007f1894088000 ConcurrentGCThread "G1 Conc#0" [stack: 0x00007f186eb4e000,0x00007f186ec4e000] [id=17188]
  0x00007f1894177000 ConcurrentGCThread "G1 Refine#0" [stack: 0x00007f186c648000,0x00007f186c748000] [id=17189]
  0x00007f1864001000 ConcurrentGCThread "G1 Refine#1" [stack: 0x00007f185d9ef000,0x00007f185daef000] [id=17262]
  0x00007f1894178800 ConcurrentGCThread "G1 Young RemSet Sampling" [stack: 0x00007f186c546000,0x00007f186c646000] [id=17190]

Threads with active compile tasks:
C2 CompilerThread04167   !   4       org.apache.maven.model.Plugin::clone (204 bytes)
C1 CompilerThread04232       3       java.lang.String::substring (58 bytes)

VM state:at safepoint (normal execution)

VM Mutex/Monitor currently owned by a thread:  ([mutex/lock_event])
[0x00007f189400e1f0] Threads_lock - owner thread: 0x00007f18941b3000
[0x00007f189400e940] Heap_lock - owner thread: 0x00007f1894012000

Heap address: 0x0000000707400000, size: 3980 MB, Compressed Oops mode: Zero based, Oop shift amount: 3
Narrow klass base: 0x0000000800000000, Narrow klass shift: 3
Compressed class space size: 1073741824 Address: 0x0000000840000000

Heap:
 garbage-first heap   total 612352K, used 27697K [0x0000000707400000, 0x0000000800000000)
  region size 1024K, 2 young (2048K), 2 survivors (2048K)
 Metaspace       used 19136K, capacity 19734K, committed 19840K, reserved 1067008K
  class space    used 2180K, capacity 2384K, committed 2432K, reserved 1048576K
Heap Regions: E=young(eden), S=young(survivor), O=old, HS=humongous(starts), HC=humongous(continues), CS=collection set, F=free, A=archive, TAMS=top-at-mark-start (previous, next)
|   0|0x0000000707400000, 0x0000000707500000, 0x0000000707500000|100%| O|  |TAMS 0x0000000707400000, 0x0000000707400000| Untracked 
|   1|0x0000000707500000, 0x0000000707600000, 0x0000000707600000|100%| O|  |TAMS 0x0000000707500000, 0x0000000707500000| Untracked 
|   2|0x0000000707600000, 0x0000000707700000, 0x0000000707700000|100%| O|  |TAMS 0x0000000707600000, 0x0000000707600000| Untracked 
|   3|0x0000000707700000, 0x0000000707800000, 0x0000000707800000|100%| O|  |TAMS 0x0000000707700000, 0x0000000707700000| Untracked 
|   4|0x0000000707800000, 0x0000000707900000, 0x0000000707900000|100%| O|  |TAMS 0x0000000707800000, 0x0000000707800000| Untracked 
|   5|0x0000000707900000, 0x0000000707a00000, 0x0000000707a00000|100%| O|  |TAMS 0x0000000707900000, 0x0000000707900000| Untracked 
|   6|0x0000000707a00000, 0x0000000707b00000, 0x0000000707b00000|100%| O|  |TAMS 0x0000000707a00000, 0x0000000707a00000| Untracked 
|   7|0x0000000707b00000, 0x0000000707c00000, 0x0000000707c00000|100%| O|  |TAMS 0x0000000707b00000, 0x0000000707b00000| Untracked 
|   8|0x0000000707c00000, 0x0000000707d00000, 0x0000000707d00000|100%| O|  |TAMS 0x0000000707c00000, 0x0000000707c00000| Untracked 
|   9|0x0000000707d00000, 0x0000000707e00000, 0x0000000707e00000|100%| O|  |TAMS 0x0000000707d00000, 0x0000000707d00000| Untracked 
|  10|0x0000000707e00000, 0x0000000707f00000, 0x0000000707f00000|100%| O|  |TAMS 0x0000000707e00000, 0x0000000707e00000| Untracked 
|  11|0x0000000707f00000, 0x0000000708000000, 0x0000000708000000|100%| O|  |TAMS 0x0000000707f00000, 0x0000000707f00000| Untracked 
|  12|0x0000000708000000, 0x0000000708100000, 0x0000000708100000|100%| O|  |TAMS 0x0000000708000000, 0x0000000708000000| Untracked 
|  13|0x0000000708100000, 0x0000000708200000, 0x0000000708200000|100%| O|  |TAMS 0x0000000708100000, 0x0000000708100000| Untracked 
|  14|0x0000000708200000, 0x0000000708300000, 0x0000000708300000|100%| O|  |TAMS 0x0000000708200000, 0x0000000708200000| Untracked 
|  15|0x0000000708300000, 0x0000000708400000, 0x0000000708400000|100%| O|  |TAMS 0x0000000708300000, 0x0000000708300000| Untracked 
|  16|0x0000000708400000, 0x0000000708500000, 0x0000000708500000|100%| O|  |TAMS 0x0000000708400000, 0x0000000708400000| Untracked 
|  17|0x0000000708500000, 0x0000000708600000, 0x0000000708600000|100%| O|  |TAMS 0x0000000708500000, 0x0000000708500000| Untracked 
|  18|0x0000000708600000, 0x0000000708700000, 0x0000000708700000|100%| O|  |TAMS 0x0000000708600000, 0x0000000708600000| Untracked 
|  19|0x0000000708700000, 0x0000000708800000, 0x0000000708800000|100%| O|  |TAMS 0x0000000708700000, 0x0000000708700000| Untracked 
|  20|0x0000000708800000, 0x0000000708900000, 0x0000000708900000|100%| O|  |TAMS 0x0000000708800000, 0x0000000708800000| Untracked 
|  21|0x0000000708900000, 0x0000000708a00000, 0x0000000708a00000|100%| O|  |TAMS 0x0000000708900000, 0x0000000708900000| Untracked 
|  22|0x0000000708a00000, 0x0000000708b00000, 0x0000000708b00000|100%| O|  |TAMS 0x0000000708a00000, 0x0000000708a00000| Untracked 
|  23|0x0000000708b00000, 0x0000000708c00000, 0x0000000708c00000|100%| O|  |TAMS 0x0000000708b00000, 0x0000000708b00000| Untracked 
|  24|0x0000000708c00000, 0x0000000708c6e600, 0x0000000708d00000| 43%| O|  |TAMS 0x0000000708c00000, 0x0000000708c00000| Untracked 
|  25|0x0000000708d00000, 0x0000000708d00000, 0x0000000708e00000|  0%| F|  |TAMS 0x0000000708d00000, 0x0000000708d00000| Untracked 
|  26|0x0000000708e00000, 0x0000000708e00000, 0x0000000708f00000|  0%| F|  |TAMS 0x0000000708e00000, 0x0000000708e00000| Untracked 
|  27|0x0000000708f00000, 0x0000000708f00000, 0x0000000709000000|  0%| F|  |TAMS 0x0000000708f00000, 0x0000000708f00000| Untracked 
|  28|0x0000000709000000, 0x0000000709000000, 0x0000000709100000|  0%| F|  |TAMS 0x0000000709000000, 0x0000000709000000| Untracked 
|  29|0x0000000709100000, 0x0000000709100000, 0x0000000709200000|  0%| F|  |TAMS 0x0000000709100000, 0x0000000709100000| Untracked 
|  30|0x0000000709200000, 0x0000000709200000, 0x0000000709300000|  0%| F|  |TAMS 0x0000000709200000, 0x0000000709200000| Untracked 
|  31|0x0000000709300000, 0x0000000709300000, 0x0000000709400000|  0%| F|  |TAMS 0x0000000709300000, 0x0000000709300000| Untracked 
|  32|0x0000000709400000, 0x0000000709400000, 0x0000000709500000|  0%| F|  |TAMS 0x0000000709400000, 0x0000000709400000| Untracked 
|  33|0x0000000709500000, 0x0000000709500000, 0x0000000709600000|  0%| F|  |TAMS 0x0000000709500000, 0x0000000709500000| Untracked 
|  34|0x0000000709600000, 0x0000000709600000, 0x0000000709700000|  0%| F|  |TAMS 0x0000000709600000, 0x0000000709600000| Untracked 
|  35|0x0000000709700000, 0x0000000709700000, 0x0000000709800000|  0%| F|  |TAMS 0x0000000709700000, 0x0000000709700000| Untracked 
|  36|0x0000000709800000, 0x0000000709800000, 0x0000000709900000|  0%| F|  |TAMS 0x0000000709800000, 0x0000000709800000| Untracked 
|  37|0x0000000709900000, 0x0000000709900000, 0x0000000709a00000|  0%| F|  |TAMS 0x0000000709900000, 0x0000000709900000| Untracked 
|  38|0x0000000709a00000, 0x0000000709a00000, 0x0000000709b00000|  0%| F|  |TAMS 0x0000000709a00000, 0x0000000709a00000| Untracked 
|  39|0x0000000709b00000, 0x0000000709b00000, 0x0000000709c00000|  0%| F|  |TAMS 0x0000000709b00000, 0x0000000709b00000| Untracked 
|  40|0x0000000709c00000, 0x0000000709c00000, 0x0000000709d00000|  0%| F|  |TAMS 0x0000000709c00000, 0x0000000709c00000| Untracked 
|  41|0x0000000709d00000, 0x0000000709d00000, 0x0000000709e00000|  0%| F|  |TAMS 0x0000000709d00000, 0x0000000709d00000| Untracked 
|  42|0x0000000709e00000, 0x0000000709e00000, 0x0000000709f00000|  0%| F|  |TAMS 0x0000000709e00000, 0x0000000709e00000| Untracked 
|  43|0x0000000709f00000, 0x0000000709f00000, 0x000000070a000000|  0%| F|  |TAMS 0x0000000709f00000, 0x0000000709f00000| Untracked 
|  44|0x000000070a000000, 0x000000070a000000, 0x000000070a100000|  0%| F|  |TAMS 0x000000070a000000, 0x000000070a000000| Untracked 
|  45|0x000000070a100000, 0x000000070a100000, 0x000000070a200000|  0%| F|  |TAMS 0x000000070a100000, 0x000000070a100000| Untracked 
|  46|0x000000070a200000, 0x000000070a200000, 0x000000070a300000|  0%| F|  |TAMS 0x000000070a200000, 0x000000070a200000| Untracked 
|  47|0x000000070a300000, 0x000000070a300000, 0x000000070a400000|  0%| F|  |TAMS 0x000000070a300000, 0x000000070a300000| Untracked 
|  48|0x000000070a400000, 0x000000070a400000, 0x000000070a500000|  0%| F|  |TAMS 0x000000070a400000, 0x000000070a400000| Untracked 
|  49|0x000000070a500000, 0x000000070a500000, 0x000000070a600000|  0%| F|  |TAMS 0x000000070a500000, 0x000000070a500000| Untracked 
|  50|0x000000070a600000, 0x000000070a600000, 0x000000070a700000|  0%| F|  |TAMS 0x000000070a600000, 0x000000070a600000| Untracked 
|  51|0x000000070a700000, 0x000000070a700000, 0x000000070a800000|  0%| F|  |TAMS 0x000000070a700000, 0x000000070a700000| Untracked 
|  52|0x000000070a800000, 0x000000070a800000, 0x000000070a900000|  0%| F|  |TAMS 0x000000070a800000, 0x000000070a800000| Untracked 
|  53|0x000000070a900000, 0x000000070a900000, 0x000000070aa00000|  0%| F|  |TAMS 0x000000070a900000, 0x000000070a900000| Untracked 
|  54|0x000000070aa00000, 0x000000070aa00000, 0x000000070ab00000|  0%| F|  |TAMS 0x000000070aa00000, 0x000000070aa00000| Untracked 
|  55|0x000000070ab00000, 0x000000070ab00000, 0x000000070ac00000|  0%| F|  |TAMS 0x000000070ab00000, 0x000000070ab00000| Untracked 
|  56|0x000000070ac00000, 0x000000070ac00000, 0x000000070ad00000|  0%| F|  |TAMS 0x000000070ac00000, 0x000000070ac00000| Untracked 
|  57|0x000000070ad00000, 0x000000070ad00000, 0x000000070ae00000|  0%| F|  |TAMS 0x000000070ad00000, 0x000000070ad00000| Untracked 
|  58|0x000000070ae00000, 0x000000070ae00000, 0x000000070af00000|  0%| F|  |TAMS 0x000000070ae00000, 0x000000070ae00000| Untracked 
|  59|0x000000070af00000, 0x000000070af00000, 0x000000070b000000|  0%| F|  |TAMS 0x000000070af00000, 0x000000070af00000| Untracked 
|  60|0x000000070b000000, 0x000000070b000000, 0x000000070b100000|  0%| F|  |TAMS 0x000000070b000000, 0x000000070b000000| Untracked 
|  61|0x000000070b100000, 0x000000070b100000, 0x000000070b200000|  0%| F|  |TAMS 0x000000070b100000, 0x000000070b100000| Untracked 
|  62|0x000000070b200000, 0x000000070b200000, 0x000000070b300000|  0%| F|  |TAMS 0x000000070b200000, 0x000000070b200000| Untracked 
|  63|0x000000070b300000, 0x000000070b300000, 0x000000070b400000|  0%| F|  |TAMS 0x000000070b300000, 0x000000070b300000| Untracked 
|  64|0x000000070b400000, 0x000000070b400000, 0x000000070b500000|  0%| F|  |TAMS 0x000000070b400000, 0x000000070b400000| Untracked 
|  65|0x000000070b500000, 0x000000070b500000, 0x000000070b600000|  0%| F|  |TAMS 0x000000070b500000, 0x000000070b500000| Untracked 
|  66|0x000000070b600000, 0x000000070b600000, 0x000000070b700000|  0%| F|  |TAMS 0x000000070b600000, 0x000000070b600000| Untracked 
|  67|0x000000070b700000, 0x000000070b700000, 0x000000070b800000|  0%| F|  |TAMS 0x000000070b700000, 0x000000070b700000| Untracked 
|  68|0x000000070b800000, 0x000000070b800000, 0x000000070b900000|  0%| F|  |TAMS 0x000000070b800000, 0x000000070b800000| Untracked 
|  69|0x000000070b900000, 0x000000070b900000, 0x000000070ba00000|  0%| F|  |TAMS 0x000000070b900000, 0x000000070b900000| Untracked 
|  70|0x000000070ba00000, 0x000000070ba00000, 0x000000070bb00000|  0%| F|  |TAMS 0x000000070ba00000, 0x000000070ba00000| Untracked 
|  71|0x000000070bb00000, 0x000000070bb00000, 0x000000070bc00000|  0%| F|  |TAMS 0x000000070bb00000, 0x000000070bb00000| Untracked 
|  72|0x000000070bc00000, 0x000000070bc00000, 0x000000070bd00000|  0%| F|  |TAMS 0x000000070bc00000, 0x000000070bc00000| Untracked 
|  73|0x000000070bd00000, 0x000000070bd00000, 0x000000070be00000|  0%| F|  |TAMS 0x000000070bd00000, 0x000000070bd00000| Untracked 
|  74|0x000000070be00000, 0x000000070be00000, 0x000000070bf00000|  0%| F|  |TAMS 0x000000070be00000, 0x000000070be00000| Untracked 
|  75|0x000000070bf00000, 0x000000070bf00000, 0x000000070c000000|  0%| F|  |TAMS 0x000000070bf00000, 0x000000070bf00000| Untracked 
|  76|0x000000070c000000, 0x000000070c000000, 0x000000070c100000|  0%| F|  |TAMS 0x000000070c000000, 0x000000070c000000| Untracked 
|  77|0x000000070c100000, 0x000000070c100000, 0x000000070c200000|  0%| F|  |TAMS 0x000000070c100000, 0x000000070c100000| Untracked 
|  78|0x000000070c200000, 0x000000070c200000, 0x000000070c300000|  0%| F|  |TAMS 0x000000070c200000, 0x000000070c200000| Untracked 
|  79|0x000000070c300000, 0x000000070c300000, 0x000000070c400000|  0%| F|  |TAMS 0x000000070c300000, 0x000000070c300000| Untracked 
|  80|0x000000070c400000, 0x000000070c400000, 0x000000070c500000|  0%| F|  |TAMS 0x000000070c400000, 0x000000070c400000| Untracked 
|  81|0x000000070c500000, 0x000000070c500000, 0x000000070c600000|  0%| F|  |TAMS 0x000000070c500000, 0x000000070c500000| Untracked 
|  82|0x000000070c600000, 0x000000070c600000, 0x000000070c700000|  0%| F|  |TAMS 0x000000070c600000, 0x000000070c600000| Untracked 
|  83|0x000000070c700000, 0x000000070c700000, 0x000000070c800000|  0%| F|  |TAMS 0x000000070c700000, 0x000000070c700000| Untracked 
|  84|0x000000070c800000, 0x000000070c800000, 0x000000070c900000|  0%| F|  |TAMS 0x000000070c800000, 0x000000070c800000| Untracked 
|  85|0x000000070c900000, 0x000000070c900000, 0x000000070ca00000|  0%| F|  |TAMS 0x000000070c900000, 0x000000070c900000| Untracked 
|  86|0x000000070ca00000, 0x000000070ca00000, 0x000000070cb00000|  0%| F|  |TAMS 0x000000070ca00000, 0x000000070ca00000| Untracked 
|  87|0x000000070cb00000, 0x000000070cb00000, 0x000000070cc00000|  0%| F|  |TAMS 0x000000070cb00000, 0x000000070cb00000| Untracked 
|  88|0x000000070cc00000, 0x000000070cc00000, 0x000000070cd00000|  0%| F|  |TAMS 0x000000070cc00000, 0x000000070cc00000| Untracked 
|  89|0x000000070cd00000, 0x000000070cd00000, 0x000000070ce00000|  0%| F|  |TAMS 0x000000070cd00000, 0x000000070cd00000| Untracked 
|  90|0x000000070ce00000, 0x000000070ce00000, 0x000000070cf00000|  0%| F|  |TAMS 0x000000070ce00000, 0x000000070ce00000| Untracked 
|  91|0x000000070cf00000, 0x000000070cf00000, 0x000000070d000000|  0%| F|  |TAMS 0x000000070cf00000, 0x000000070cf00000| Untracked 
|  92|0x000000070d000000, 0x000000070d000000, 0x000000070d100000|  0%| F|  |TAMS 0x000000070d000000, 0x000000070d000000| Untracked 
|  93|0x000000070d100000, 0x000000070d100000, 0x000000070d200000|  0%| F|  |TAMS 0x000000070d100000, 0x000000070d100000| Untracked 
|  94|0x000000070d200000, 0x000000070d200000, 0x000000070d300000|  0%| F|  |TAMS 0x000000070d200000, 0x000000070d200000| Untracked 
|  95|0x000000070d300000, 0x000000070d300000, 0x000000070d400000|  0%| F|  |TAMS 0x000000070d300000, 0x000000070d300000| Untracked 
|  96|0x000000070d400000, 0x000000070d400000, 0x000000070d500000|  0%| F|  |TAMS 0x000000070d400000, 0x000000070d400000| Untracked 
|  97|0x000000070d500000, 0x000000070d500000, 0x000000070d600000|  0%| F|  |TAMS 0x000000070d500000, 0x000000070d500000| Untracked 
|  98|0x000000070d600000, 0x000000070d600000, 0x000000070d700000|  0%| F|  |TAMS 0x000000070d600000, 0x000000070d600000| Untracked 
|  99|0x000000070d700000, 0x000000070d700000, 0x000000070d800000|  0%| F|  |TAMS 0x000000070d700000, 0x000000070d700000| Untracked 
| 100|0x000000070d800000, 0x000000070d800000, 0x000000070d900000|  0%| F|  |TAMS 0x000000070d800000, 0x000000070d800000| Untracked 
| 101|0x000000070d900000, 0x000000070d900000, 0x000000070da00000|  0%| F|  |TAMS 0x000000070d900000, 0x000000070d900000| Untracked 
| 102|0x000000070da00000, 0x000000070da00000, 0x000000070db00000|  0%| F|  |TAMS 0x000000070da00000, 0x000000070da00000| Untracked 
| 103|0x000000070db00000, 0x000000070db00000, 0x000000070dc00000|  0%| F|  |TAMS 0x000000070db00000, 0x000000070db00000| Untracked 
| 104|0x000000070dc00000, 0x000000070dc00000, 0x000000070dd00000|  0%| F|  |TAMS 0x000000070dc00000, 0x000000070dc00000| Untracked 
| 105|0x000000070dd00000, 0x000000070dd00000, 0x000000070de00000|  0%| F|  |TAMS 0x000000070dd00000, 0x000000070dd00000| Untracked 
| 106|0x000000070de00000, 0x000000070de00000, 0x000000070df00000|  0%| F|  |TAMS 0x000000070de00000, 0x000000070de00000| Untracked 
| 107|0x000000070df00000, 0x000000070df00000, 0x000000070e000000|  0%| F|  |TAMS 0x000000070df00000, 0x000000070df00000| Untracked 
| 108|0x000000070e000000, 0x000000070e000000, 0x000000070e100000|  0%| F|  |TAMS 0x000000070e000000, 0x000000070e000000| Untracked 
| 109|0x000000070e100000, 0x000000070e100000, 0x000000070e200000|  0%| F|  |TAMS 0x000000070e100000, 0x000000070e100000| Untracked 
| 110|0x000000070e200000, 0x000000070e200000, 0x000000070e300000|  0%| F|  |TAMS 0x000000070e200000, 0x000000070e200000| Untracked 
| 111|0x000000070e300000, 0x000000070e300000, 0x000000070e400000|  0%| F|  |TAMS 0x000000070e300000, 0x000000070e300000| Untracked 
| 112|0x000000070e400000, 0x000000070e400000, 0x000000070e500000|  0%| F|  |TAMS 0x000000070e400000, 0x000000070e400000| Untracked 
| 113|0x000000070e500000, 0x000000070e500000, 0x000000070e600000|  0%| F|  |TAMS 0x000000070e500000, 0x000000070e500000| Untracked 
| 114|0x000000070e600000, 0x000000070e600000, 0x000000070e700000|  0%| F|  |TAMS 0x000000070e600000, 0x000000070e600000| Untracked 
| 115|0x000000070e700000, 0x000000070e700000, 0x000000070e800000|  0%| F|  |TAMS 0x000000070e700000, 0x000000070e700000| Untracked 
| 116|0x000000070e800000, 0x000000070e800000, 0x000000070e900000|  0%| F|  |TAMS 0x000000070e800000, 0x000000070e800000| Untracked 
| 117|0x000000070e900000, 0x000000070e900000, 0x000000070ea00000|  0%| F|  |TAMS 0x000000070e900000, 0x000000070e900000| Untracked 
| 118|0x000000070ea00000, 0x000000070ea00000, 0x000000070eb00000|  0%| F|  |TAMS 0x000000070ea00000, 0x000000070ea00000| Untracked 
| 119|0x000000070eb00000, 0x000000070eb00000, 0x000000070ec00000|  0%| F|  |TAMS 0x000000070eb00000, 0x000000070eb00000| Untracked 
| 120|0x000000070ec00000, 0x000000070ec00000, 0x000000070ed00000|  0%| F|  |TAMS 0x000000070ec00000, 0x000000070ec00000| Untracked 
| 121|0x000000070ed00000, 0x000000070ed00000, 0x000000070ee00000|  0%| F|  |TAMS 0x000000070ed00000, 0x000000070ed00000| Untracked 
| 122|0x000000070ee00000, 0x000000070ee00000, 0x000000070ef00000|  0%| F|  |TAMS 0x000000070ee00000, 0x000000070ee00000| Untracked 
| 123|0x000000070ef00000, 0x000000070ef00000, 0x000000070f000000|  0%| F|  |TAMS 0x000000070ef00000, 0x000000070ef00000| Untracked 
| 124|0x000000070f000000, 0x000000070f000000, 0x000000070f100000|  0%| F|  |TAMS 0x000000070f000000, 0x000000070f000000| Untracked 
| 125|0x000000070f100000, 0x000000070f100000, 0x000000070f200000|  0%| F|  |TAMS 0x000000070f100000, 0x000000070f100000| Untracked 
| 126|0x000000070f200000, 0x000000070f200000, 0x000000070f300000|  0%| F|  |TAMS 0x000000070f200000, 0x000000070f200000| Untracked 
| 127|0x000000070f300000, 0x000000070f300000, 0x000000070f400000|  0%| F|  |TAMS 0x000000070f300000, 0x000000070f300000| Untracked 
| 128|0x000000070f400000, 0x000000070f400000, 0x000000070f500000|  0%| F|  |TAMS 0x000000070f400000, 0x000000070f400000| Untracked 
| 129|0x000000070f500000, 0x000000070f500000, 0x000000070f600000|  0%| F|  |TAMS 0x000000070f500000, 0x000000070f500000| Untracked 
| 130|0x000000070f600000, 0x000000070f600000, 0x000000070f700000|  0%| F|  |TAMS 0x000000070f600000, 0x000000070f600000| Untracked 
| 131|0x000000070f700000, 0x000000070f700000, 0x000000070f800000|  0%| F|  |TAMS 0x000000070f700000, 0x000000070f700000| Untracked 
| 132|0x000000070f800000, 0x000000070f800000, 0x000000070f900000|  0%| F|  |TAMS 0x000000070f800000, 0x000000070f800000| Untracked 
| 133|0x000000070f900000, 0x000000070f900000, 0x000000070fa00000|  0%| F|  |TAMS 0x000000070f900000, 0x000000070f900000| Untracked 
| 134|0x000000070fa00000, 0x000000070fa00000, 0x000000070fb00000|  0%| F|  |TAMS 0x000000070fa00000, 0x000000070fa00000| Untracked 
| 135|0x000000070fb00000, 0x000000070fb00000, 0x000000070fc00000|  0%| F|  |TAMS 0x000000070fb00000, 0x000000070fb00000| Untracked 
| 136|0x000000070fc00000, 0x000000070fc00000, 0x000000070fd00000|  0%| F|  |TAMS 0x000000070fc00000, 0x000000070fc00000| Untracked 
| 137|0x000000070fd00000, 0x000000070fd00000, 0x000000070fe00000|  0%| F|  |TAMS 0x000000070fd00000, 0x000000070fd00000| Untracked 
| 138|0x000000070fe00000, 0x000000070fe00000, 0x000000070ff00000|  0%| F|  |TAMS 0x000000070fe00000, 0x000000070fe00000| Untracked 
| 139|0x000000070ff00000, 0x000000070ff00000, 0x0000000710000000|  0%| F|  |TAMS 0x000000070ff00000, 0x000000070ff00000| Untracked 
| 140|0x0000000710000000, 0x0000000710000000, 0x0000000710100000|  0%| F|  |TAMS 0x0000000710000000, 0x0000000710000000| Untracked 
| 141|0x0000000710100000, 0x0000000710100000, 0x0000000710200000|  0%| F|  |TAMS 0x0000000710100000, 0x0000000710100000| Untracked 
| 142|0x0000000710200000, 0x0000000710200000, 0x0000000710300000|  0%| F|  |TAMS 0x0000000710200000, 0x0000000710200000| Untracked 
| 143|0x0000000710300000, 0x0000000710300000, 0x0000000710400000|  0%| F|  |TAMS 0x0000000710300000, 0x0000000710300000| Untracked 
| 144|0x0000000710400000, 0x0000000710400000, 0x0000000710500000|  0%| F|  |TAMS 0x0000000710400000, 0x0000000710400000| Untracked 
| 145|0x0000000710500000, 0x0000000710500000, 0x0000000710600000|  0%| F|  |TAMS 0x0000000710500000, 0x0000000710500000| Untracked 
| 146|0x0000000710600000, 0x0000000710600000, 0x0000000710700000|  0%| F|  |TAMS 0x0000000710600000, 0x0000000710600000| Untracked 
| 147|0x0000000710700000, 0x0000000710700000, 0x0000000710800000|  0%| F|  |TAMS 0x0000000710700000, 0x0000000710700000| Untracked 
| 148|0x0000000710800000, 0x0000000710800000, 0x0000000710900000|  0%| F|  |TAMS 0x0000000710800000, 0x0000000710800000| Untracked 
| 149|0x0000000710900000, 0x0000000710900000, 0x0000000710a00000|  0%| F|  |TAMS 0x0000000710900000, 0x0000000710900000| Untracked 
| 150|0x0000000710a00000, 0x0000000710a00000, 0x0000000710b00000|  0%| F|  |TAMS 0x0000000710a00000, 0x0000000710a00000| Untracked 
| 151|0x0000000710b00000, 0x0000000710b00000, 0x0000000710c00000|  0%| F|  |TAMS 0x0000000710b00000, 0x0000000710b00000| Untracked 
| 152|0x0000000710c00000, 0x0000000710c00000, 0x0000000710d00000|  0%| F|  |TAMS 0x0000000710c00000, 0x0000000710c00000| Untracked 
| 153|0x0000000710d00000, 0x0000000710d00000, 0x0000000710e00000|  0%| F|  |TAMS 0x0000000710d00000, 0x0000000710d00000| Untracked 
| 154|0x0000000710e00000, 0x0000000710e00000, 0x0000000710f00000|  0%| F|  |TAMS 0x0000000710e00000, 0x0000000710e00000| Untracked 
| 155|0x0000000710f00000, 0x0000000710f00000, 0x0000000711000000|  0%| F|  |TAMS 0x0000000710f00000, 0x0000000710f00000| Untracked 
| 156|0x0000000711000000, 0x0000000711000000, 0x0000000711100000|  0%| F|  |TAMS 0x0000000711000000, 0x0000000711000000| Untracked 
| 157|0x0000000711100000, 0x0000000711100000, 0x0000000711200000|  0%| F|  |TAMS 0x0000000711100000, 0x0000000711100000| Untracked 
| 158|0x0000000711200000, 0x0000000711200000, 0x0000000711300000|  0%| F|  |TAMS 0x0000000711200000, 0x0000000711200000| Untracked 
| 159|0x0000000711300000, 0x0000000711300000, 0x0000000711400000|  0%| F|  |TAMS 0x0000000711300000, 0x0000000711300000| Untracked 
| 160|0x0000000711400000, 0x0000000711400000, 0x0000000711500000|  0%| F|  |TAMS 0x0000000711400000, 0x0000000711400000| Untracked 
| 161|0x0000000711500000, 0x0000000711500000, 0x0000000711600000|  0%| F|  |TAMS 0x0000000711500000, 0x0000000711500000| Untracked 
| 162|0x0000000711600000, 0x0000000711600000, 0x0000000711700000|  0%| F|  |TAMS 0x0000000711600000, 0x0000000711600000| Untracked 
| 163|0x0000000711700000, 0x0000000711700000, 0x0000000711800000|  0%| F|  |TAMS 0x0000000711700000, 0x0000000711700000| Untracked 
| 164|0x0000000711800000, 0x0000000711800000, 0x0000000711900000|  0%| F|  |TAMS 0x0000000711800000, 0x0000000711800000| Untracked 
| 165|0x0000000711900000, 0x0000000711900000, 0x0000000711a00000|  0%| F|  |TAMS 0x0000000711900000, 0x0000000711900000| Untracked 
| 166|0x0000000711a00000, 0x0000000711a00000, 0x0000000711b00000|  0%| F|  |TAMS 0x0000000711a00000, 0x0000000711a00000| Untracked 
| 167|0x0000000711b00000, 0x0000000711b00000, 0x0000000711c00000|  0%| F|  |TAMS 0x0000000711b00000, 0x0000000711b00000| Untracked 
| 168|0x0000000711c00000, 0x0000000711c00000, 0x0000000711d00000|  0%| F|  |TAMS 0x0000000711c00000, 0x0000000711c00000| Untracked 
| 169|0x0000000711d00000, 0x0000000711d00000, 0x0000000711e00000|  0%| F|  |TAMS 0x0000000711d00000, 0x0000000711d00000| Untracked 
| 170|0x0000000711e00000, 0x0000000711e00000, 0x0000000711f00000|  0%| F|  |TAMS 0x0000000711e00000, 0x0000000711e00000| Untracked 
| 171|0x0000000711f00000, 0x0000000711f00000, 0x0000000712000000|  0%| F|  |TAMS 0x0000000711f00000, 0x0000000711f00000| Untracked 
| 172|0x0000000712000000, 0x0000000712000000, 0x0000000712100000|  0%| F|  |TAMS 0x0000000712000000, 0x0000000712000000| Untracked 
| 173|0x0000000712100000, 0x0000000712100000, 0x0000000712200000|  0%| F|  |TAMS 0x0000000712100000, 0x0000000712100000| Untracked 
| 174|0x0000000712200000, 0x0000000712200000, 0x0000000712300000|  0%| F|  |TAMS 0x0000000712200000, 0x0000000712200000| Untracked 
| 175|0x0000000712300000, 0x0000000712300000, 0x0000000712400000|  0%| F|  |TAMS 0x0000000712300000, 0x0000000712300000| Untracked 
| 176|0x0000000712400000, 0x0000000712400000, 0x0000000712500000|  0%| F|  |TAMS 0x0000000712400000, 0x0000000712400000| Untracked 
| 177|0x0000000712500000, 0x0000000712500000, 0x0000000712600000|  0%| F|  |TAMS 0x0000000712500000, 0x0000000712500000| Untracked 
| 178|0x0000000712600000, 0x0000000712600000, 0x0000000712700000|  0%| F|  |TAMS 0x0000000712600000, 0x0000000712600000| Untracked 
| 179|0x0000000712700000, 0x0000000712700000, 0x0000000712800000|  0%| F|  |TAMS 0x0000000712700000, 0x0000000712700000| Untracked 
| 180|0x0000000712800000, 0x0000000712800000, 0x0000000712900000|  0%| F|  |TAMS 0x0000000712800000, 0x0000000712800000| Untracked 
| 181|0x0000000712900000, 0x0000000712900000, 0x0000000712a00000|  0%| F|  |TAMS 0x0000000712900000, 0x0000000712900000| Untracked 
| 182|0x0000000712a00000, 0x0000000712a00000, 0x0000000712b00000|  0%| F|  |TAMS 0x0000000712a00000, 0x0000000712a00000| Untracked 
| 183|0x0000000712b00000, 0x0000000712b00000, 0x0000000712c00000|  0%| F|  |TAMS 0x0000000712b00000, 0x0000000712b00000| Untracked 
| 184|0x0000000712c00000, 0x0000000712c00000, 0x0000000712d00000|  0%| F|  |TAMS 0x0000000712c00000, 0x0000000712c00000| Untracked 
| 185|0x0000000712d00000, 0x0000000712d00000, 0x0000000712e00000|  0%| F|  |TAMS 0x0000000712d00000, 0x0000000712d00000| Untracked 
| 186|0x0000000712e00000, 0x0000000712e00000, 0x0000000712f00000|  0%| F|  |TAMS 0x0000000712e00000, 0x0000000712e00000| Untracked 
| 187|0x0000000712f00000, 0x0000000712f00000, 0x0000000713000000|  0%| F|  |TAMS 0x0000000712f00000, 0x0000000712f00000| Untracked 
| 188|0x0000000713000000, 0x0000000713000000, 0x0000000713100000|  0%| F|  |TAMS 0x0000000713000000, 0x0000000713000000| Untracked 
| 189|0x0000000713100000, 0x0000000713100000, 0x0000000713200000|  0%| F|  |TAMS 0x0000000713100000, 0x0000000713100000| Untracked 
| 190|0x0000000713200000, 0x0000000713200000, 0x0000000713300000|  0%| F|  |TAMS 0x0000000713200000, 0x0000000713200000| Untracked 
| 191|0x0000000713300000, 0x0000000713300000, 0x0000000713400000|  0%| F|  |TAMS 0x0000000713300000, 0x0000000713300000| Untracked 
| 192|0x0000000713400000, 0x0000000713400000, 0x0000000713500000|  0%| F|  |TAMS 0x0000000713400000, 0x0000000713400000| Untracked 
| 193|0x0000000713500000, 0x0000000713500000, 0x0000000713600000|  0%| F|  |TAMS 0x0000000713500000, 0x0000000713500000| Untracked 
| 194|0x0000000713600000, 0x0000000713600000, 0x0000000713700000|  0%| F|  |TAMS 0x0000000713600000, 0x0000000713600000| Untracked 
| 195|0x0000000713700000, 0x0000000713700000, 0x0000000713800000|  0%| F|  |TAMS 0x0000000713700000, 0x0000000713700000| Untracked 
| 196|0x0000000713800000, 0x0000000713800000, 0x0000000713900000|  0%| F|  |TAMS 0x0000000713800000, 0x0000000713800000| Untracked 
| 197|0x0000000713900000, 0x0000000713900000, 0x0000000713a00000|  0%| F|  |TAMS 0x0000000713900000, 0x0000000713900000| Untracked 
| 198|0x0000000713a00000, 0x0000000713a00000, 0x0000000713b00000|  0%| F|  |TAMS 0x0000000713a00000, 0x0000000713a00000| Untracked 
| 199|0x0000000713b00000, 0x0000000713b00000, 0x0000000713c00000|  0%| F|  |TAMS 0x0000000713b00000, 0x0000000713b00000| Untracked 
| 200|0x0000000713c00000, 0x0000000713c00000, 0x0000000713d00000|  0%| F|  |TAMS 0x0000000713c00000, 0x0000000713c00000| Untracked 
| 201|0x0000000713d00000, 0x0000000713d00000, 0x0000000713e00000|  0%| F|  |TAMS 0x0000000713d00000, 0x0000000713d00000| Untracked 
| 202|0x0000000713e00000, 0x0000000713e00000, 0x0000000713f00000|  0%| F|  |TAMS 0x0000000713e00000, 0x0000000713e00000| Untracked 
| 203|0x0000000713f00000, 0x0000000713f00000, 0x0000000714000000|  0%| F|  |TAMS 0x0000000713f00000, 0x0000000713f00000| Untracked 
| 204|0x0000000714000000, 0x0000000714000000, 0x0000000714100000|  0%| F|  |TAMS 0x0000000714000000, 0x0000000714000000| Untracked 
| 205|0x0000000714100000, 0x0000000714100000, 0x0000000714200000|  0%| F|  |TAMS 0x0000000714100000, 0x0000000714100000| Untracked 
| 206|0x0000000714200000, 0x0000000714200000, 0x0000000714300000|  0%| F|  |TAMS 0x0000000714200000, 0x0000000714200000| Untracked 
| 207|0x0000000714300000, 0x0000000714300000, 0x0000000714400000|  0%| F|  |TAMS 0x0000000714300000, 0x0000000714300000| Untracked 
| 208|0x0000000714400000, 0x0000000714400000, 0x0000000714500000|  0%| F|  |TAMS 0x0000000714400000, 0x0000000714400000| Untracked 
| 209|0x0000000714500000, 0x0000000714500000, 0x0000000714600000|  0%| F|  |TAMS 0x0000000714500000, 0x0000000714500000| Untracked 
| 210|0x0000000714600000, 0x0000000714600000, 0x0000000714700000|  0%| F|  |TAMS 0x0000000714600000, 0x0000000714600000| Untracked 
| 211|0x0000000714700000, 0x0000000714700000, 0x0000000714800000|  0%| F|  |TAMS 0x0000000714700000, 0x0000000714700000| Untracked 
| 212|0x0000000714800000, 0x0000000714800000, 0x0000000714900000|  0%| F|  |TAMS 0x0000000714800000, 0x0000000714800000| Untracked 
| 213|0x0000000714900000, 0x0000000714900000, 0x0000000714a00000|  0%| F|  |TAMS 0x0000000714900000, 0x0000000714900000| Untracked 
| 214|0x0000000714a00000, 0x0000000714a00000, 0x0000000714b00000|  0%| F|  |TAMS 0x0000000714a00000, 0x0000000714a00000| Untracked 
| 215|0x0000000714b00000, 0x0000000714b00000, 0x0000000714c00000|  0%| F|  |TAMS 0x0000000714b00000, 0x0000000714b00000| Untracked 
| 216|0x0000000714c00000, 0x0000000714c00000, 0x0000000714d00000|  0%| F|  |TAMS 0x0000000714c00000, 0x0000000714c00000| Untracked 
| 217|0x0000000714d00000, 0x0000000714d00000, 0x0000000714e00000|  0%| F|  |TAMS 0x0000000714d00000, 0x0000000714d00000| Untracked 
| 218|0x0000000714e00000, 0x0000000714e00000, 0x0000000714f00000|  0%| F|  |TAMS 0x0000000714e00000, 0x0000000714e00000| Untracked 
| 219|0x0000000714f00000, 0x0000000714f00000, 0x0000000715000000|  0%| F|  |TAMS 0x0000000714f00000, 0x0000000714f00000| Untracked 
| 220|0x0000000715000000, 0x0000000715000000, 0x0000000715100000|  0%| F|  |TAMS 0x0000000715000000, 0x0000000715000000| Untracked 
| 221|0x0000000715100000, 0x0000000715100000, 0x0000000715200000|  0%| F|  |TAMS 0x0000000715100000, 0x0000000715100000| Untracked 
| 222|0x0000000715200000, 0x0000000715200000, 0x0000000715300000|  0%| F|  |TAMS 0x0000000715200000, 0x0000000715200000| Untracked 
| 223|0x0000000715300000, 0x0000000715300000, 0x0000000715400000|  0%| F|  |TAMS 0x0000000715300000, 0x0000000715300000| Untracked 
| 224|0x0000000715400000, 0x0000000715400000, 0x0000000715500000|  0%| F|  |TAMS 0x0000000715400000, 0x0000000715400000| Untracked 
| 225|0x0000000715500000, 0x0000000715500000, 0x0000000715600000|  0%| F|  |TAMS 0x0000000715500000, 0x0000000715500000| Untracked 
| 226|0x0000000715600000, 0x0000000715600000, 0x0000000715700000|  0%| F|  |TAMS 0x0000000715600000, 0x0000000715600000| Untracked 
| 227|0x0000000715700000, 0x0000000715700000, 0x0000000715800000|  0%| F|  |TAMS 0x0000000715700000, 0x0000000715700000| Untracked 
| 228|0x0000000715800000, 0x0000000715800000, 0x0000000715900000|  0%| F|  |TAMS 0x0000000715800000, 0x0000000715800000| Untracked 
| 229|0x0000000715900000, 0x0000000715900000, 0x0000000715a00000|  0%| F|  |TAMS 0x0000000715900000, 0x0000000715900000| Untracked 
| 230|0x0000000715a00000, 0x0000000715a00000, 0x0000000715b00000|  0%| F|  |TAMS 0x0000000715a00000, 0x0000000715a00000| Untracked 
| 231|0x0000000715b00000, 0x0000000715b00000, 0x0000000715c00000|  0%| F|  |TAMS 0x0000000715b00000, 0x0000000715b00000| Untracked 
| 232|0x0000000715c00000, 0x0000000715c00000, 0x0000000715d00000|  0%| F|  |TAMS 0x0000000715c00000, 0x0000000715c00000| Untracked 
| 233|0x0000000715d00000, 0x0000000715d00000, 0x0000000715e00000|  0%| F|  |TAMS 0x0000000715d00000, 0x0000000715d00000| Untracked 
| 234|0x0000000715e00000, 0x0000000715e00000, 0x0000000715f00000|  0%| F|  |TAMS 0x0000000715e00000, 0x0000000715e00000| Untracked 
| 235|0x0000000715f00000, 0x0000000715f00000, 0x0000000716000000|  0%| F|  |TAMS 0x0000000715f00000, 0x0000000715f00000| Untracked 
| 236|0x0000000716000000, 0x0000000716000000, 0x0000000716100000|  0%| F|  |TAMS 0x0000000716000000, 0x0000000716000000| Untracked 
| 237|0x0000000716100000, 0x0000000716100000, 0x0000000716200000|  0%| F|  |TAMS 0x0000000716100000, 0x0000000716100000| Untracked 
| 238|0x0000000716200000, 0x0000000716200000, 0x0000000716300000|  0%| F|  |TAMS 0x0000000716200000, 0x0000000716200000| Untracked 
| 239|0x0000000716300000, 0x0000000716300000, 0x0000000716400000|  0%| F|  |TAMS 0x0000000716300000, 0x0000000716300000| Untracked 
| 240|0x0000000716400000, 0x0000000716400000, 0x0000000716500000|  0%| F|  |TAMS 0x0000000716400000, 0x0000000716400000| Untracked 
| 241|0x0000000716500000, 0x0000000716500000, 0x0000000716600000|  0%| F|  |TAMS 0x0000000716500000, 0x0000000716500000| Untracked 
| 242|0x0000000716600000, 0x0000000716600000, 0x0000000716700000|  0%| F|  |TAMS 0x0000000716600000, 0x0000000716600000| Untracked 
| 243|0x0000000716700000, 0x0000000716700000, 0x0000000716800000|  0%| F|  |TAMS 0x0000000716700000, 0x0000000716700000| Untracked 
| 244|0x0000000716800000, 0x0000000716800000, 0x0000000716900000|  0%| F|  |TAMS 0x0000000716800000, 0x0000000716800000| Untracked 
| 245|0x0000000716900000, 0x0000000716900000, 0x0000000716a00000|  0%| F|  |TAMS 0x0000000716900000, 0x0000000716900000| Untracked 
| 246|0x0000000716a00000, 0x0000000716a00000, 0x0000000716b00000|  0%| F|  |TAMS 0x0000000716a00000, 0x0000000716a00000| Untracked 
| 247|0x0000000716b00000, 0x0000000716c00000, 0x0000000716c00000|100%| S|CS|TAMS 0x0000000716b00000, 0x0000000716b00000| Complete 
| 248|0x0000000716c00000, 0x0000000716d00000, 0x0000000716d00000|100%| S|CS|TAMS 0x0000000716c00000, 0x0000000716c00000| Complete 
| 249|0x0000000716d00000, 0x0000000716d00000, 0x0000000716e00000|  0%| F|  |TAMS 0x0000000716d00000, 0x0000000716d00000| Untracked 
|2954|0x00000007bfe00000, 0x00000007bfe34000, 0x00000007bff00000| 20%|OA|  |TAMS 0x00000007bfe00000, 0x00000007bfe00000| Untracked 
|2955|0x00000007bff00000, 0x00000007bff6a000, 0x00000007c0000000| 41%|CA|  |TAMS 0x00000007bff00000, 0x00000007bff00000| Untracked 

Card table byte_map: [0x00007f1877074000,0x00007f187783a000] _byte_map_base: 0x00007f187383a000

Marking Bits (Prev, Next): (CMBitMap*) 0x00007f1894075818, (CMBitMap*) 0x00007f1894075850
 Prev Bits: [0x00007f1872a7e000, 0x00007f18768ae000)
 Next Bits: [0x00007f186ec4e000, 0x00007f1872a7e000)

Polling page: 0x00007f189bd50000

Metaspace:

Usage:
  Non-class:     16.94 MB capacity,    16.56 MB ( 98%) used,   346.18 KB (  2%) free+waste,    47.88 KB ( <1%) overhead. 
      Class:      2.33 MB capacity,     2.13 MB ( 91%) used,   180.84 KB (  8%) free+waste,    23.06 KB ( <1%) overhead. 
       Both:     19.27 MB capacity,    18.69 MB ( 97%) used,   527.02 KB (  3%) free+waste,    70.94 KB ( <1%) overhead. 

Virtual space:
  Non-class space:       18.00 MB reserved,      17.00 MB ( 94%) committed 
      Class space:        1.00 GB reserved,       2.38 MB ( <1%) committed 
             Both:        1.02 GB reserved,      19.38 MB (  2%) committed 

Chunk freelists:
   Non-Class:  30.00 KB
       Class:  0 bytes
        Both:  30.00 KB

CodeHeap 'non-profiled nmethods': size=120032Kb used=2084Kb max_used=2084Kb free=117948Kb
 bounds [0x00007f1884218000, 0x00007f1884488000, 0x00007f188b750000]
CodeHeap 'profiled nmethods': size=120032Kb used=9155Kb max_used=9155Kb free=110876Kb
 bounds [0x00007f187cce0000, 0x00007f187d5e0000, 0x00007f1884218000]
CodeHeap 'non-nmethods': size=5696Kb used=1148Kb max_used=1191Kb free=4547Kb
 bounds [0x00007f187c750000, 0x00007f187c9c0000, 0x00007f187cce0000]
 total_blobs=5437 nmethods=4159 adapters=395
 compilation: enabled
              stopped_count=0, restarted_count=0
 full_count=0

Compilation events (10 events):
Event: 45.304 Thread 0x00007f18941bf800 4167   !   4       org.apache.maven.model.Plugin::clone (204 bytes)
Event: 46.973 Thread 0x00007f18941c1800 4226       3       org.eclipse.aether.util.version.GenericVersionScheme::parseVersion (9 bytes)
Event: 54.498 Thread 0x00007f18941c1800 nmethod 4226 0x00007f187d5ce590 code [0x00007f187d5ce780, 0x00007f187d5ceb58]
Event: 55.177 Thread 0x00007f18941c1800 4228       3       org.eclipse.aether.util.version.GenericVersion::trimPadding (122 bytes)
Event: 59.763 Thread 0x00007f18941c1800 nmethod 4228 0x00007f187d5cec90 code [0x00007f187d5cef40, 0x00007f187d5d00f8]
Event: 59.951 Thread 0x00007f18941c1800 4227       3       org.eclipse.aether.util.version.GenericVersion::<init> (29 bytes)
Event: 66.299 Thread 0x00007f18941c1800 nmethod 4227 0x00007f187d5d0490 code [0x00007f187d5d0660, 0x00007f187d5d0978]
Event: 66.410 Thread 0x00007f18941c1800 4230       3       org.eclipse.aether.util.version.GenericVersionScheme::<init> (5 bytes)
Event: 66.624 Thread 0x00007f18941c1800 nmethod 4230 0x00007f187d5d0a90 code [0x00007f187d5d0c40, 0x00007f187d5d0e10]
Event: 66.624 Thread 0x00007f18941c1800 4232       3       java.lang.String::substring (58 bytes)

GC Heap History (10 events):
Event: 4.735 GC heap after
{Heap after GC invocations=2 (full 0):
 garbage-first heap   total 258048K, used 4721K [0x0000000707400000, 0x0000000800000000)
  region size 1024K, 1 young (1024K), 1 survivors (1024K)
 Metaspace       used 8390K, capacity 8753K, committed 8960K, reserved 1056768K
  class space    used 1013K, capacity 1159K, committed 1280K, reserved 1048576K
}
Event: 6.171 GC heap before
{Heap before GC invocations=2 (full 0):
 garbage-first heap   total 258048K, used 30321K [0x0000000707400000, 0x0000000800000000)
  region size 1024K, 26 young (26624K), 1 survivors (1024K)
 Metaspace       used 11767K, capacity 12138K, committed 12416K, reserved 1060864K
  class space    used 1438K, capacity 1622K, committed 1664K, reserved 1048576K
}
Event: 6.183 GC heap after
{Heap after GC invocations=3 (full 0):
 garbage-first heap   total 258048K, used 5745K [0x0000000707400000, 0x0000000800000000)
  region size 1024K, 2 young (2048K), 2 survivors (2048K)
 Metaspace       used 11767K, capacity 12138K, committed 12416K, reserved 1060864K
  class space    used 1438K, capacity 1622K, committed 1664K, reserved 1048576K
}
Event: 8.047 GC heap before
{Heap before GC invocations=3 (full 0):
 garbage-first heap   total 258048K, used 43633K [0x0000000707400000, 0x0000000800000000)
  region size 1024K, 39 young (39936K), 2 survivors (2048K)
 Metaspace       used 16555K, capacity 16974K, committed 17408K, reserved 1064960K
  class space    used 1987K, capacity 2179K, committed 2304K, reserved 1048576K
}
Event: 8.059 GC heap after
{Heap after GC invocations=4 (full 0):
 garbage-first heap   total 258048K, used 8215K [0x0000000707400000, 0x0000000800000000)
  region size 1024K, 5 young (5120K), 5 survivors (5120K)
 Metaspace       used 16555K, capacity 16974K, committed 17408K, reserved 1064960K
  class space    used 1987K, capacity 2179K, committed 2304K, reserved 1048576K
}
Event: 9.439 GC heap before
{Heap before GC invocations=4 (full 0):
 garbage-first heap   total 258048K, used 62487K [0x0000000707400000, 0x0000000800000000)
  region size 1024K, 58 young (59392K), 5 survivors (5120K)
 Metaspace       used 18297K, capacity 18931K, committed 19072K, reserved 1067008K
  class space    used 2151K, capacity 2374K, committed 2432K, reserved 1048576K
}
Event: 9.474 GC heap after
{Heap after GC invocations=5 (full 0):
 garbage-first heap   total 258048K, used 13673K [0x0000000707400000, 0x0000000800000000)
  region size 1024K, 8 young (8192K), 8 survivors (8192K)
 Metaspace       used 18297K, capacity 18931K, committed 19072K, reserved 1067008K
  class space    used 2151K, capacity 2374K, committed 2432K, reserved 1048576K
}
Event: 33.081 GC heap before
{Heap before GC invocations=5 (full 0):
 garbage-first heap   total 258048K, used 159081K [0x0000000707400000, 0x0000000800000000)
  region size 1024K, 150 young (153600K), 8 survivors (8192K)
 Metaspace       used 19126K, capacity 19734K, committed 19840K, reserved 1067008K
  class space    used 2179K, capacity 2384K, committed 2432K, reserved 1048576K
}
Event: 37.112 GC heap after
{Heap after GC invocations=6 (full 0):
 garbage-first heap   total 258048K, used 26001K [0x0000000707400000, 0x0000000800000000)
  region size 1024K, 19 young (19456K), 19 survivors (19456K)
 Metaspace       used 19126K, capacity 19734K, committed 19840K, reserved 1067008K
  class space    used 2179K, capacity 2384K, committed 2432K, reserved 1048576K
}
Event: 67.064 GC heap before
{Heap before GC invocations=6 (full 0):
 garbage-first heap   total 258048K, used 27025K [0x0000000707400000, 0x0000000800000000)
  region size 1024K, 20 young (20480K), 19 survivors (19456K)
 Metaspace       used 19136K, capacity 19734K, committed 19840K, reserved 1067008K
  class space    used 2180K, capacity 2384K, committed 2432K, reserved 1048576K
}

Deoptimization events (10 events):
Event: 28.631 Thread 0x00007f1894012000 DEOPT PACKING pc=0x00007f188441feec sp=0x00007f189bd35420
Event: 28.631 Thread 0x00007f1894012000 DEOPT UNPACKING pc=0x00007f187c778a25 sp=0x00007f189bd35410 mode 2
Event: 29.423 Thread 0x00007f1894012000 Uncommon trap: trap_request=0xffffffbe fr.pc=0x00007f188441feec relative=0x0000000000000e8c
Event: 29.531 Thread 0x00007f1894012000 Uncommon trap: reason=profile_predicate action=maybe_recompile pc=0x00007f188441feec method=java.util.concurrent.ConcurrentHashMap.putAll(Ljava/util/Map;)V @ 28 c2
Event: 31.602 Thread 0x00007f1894012000 DEOPT PACKING pc=0x00007f188441feec sp=0x00007f189bd358a0
Event: 31.861 Thread 0x00007f1894012000 DEOPT UNPACKING pc=0x00007f187c778a25 sp=0x00007f189bd35890 mode 2
Event: 32.482 Thread 0x00007f1894012000 Uncommon trap: trap_request=0xffffff4d fr.pc=0x00007f1884248c94 relative=0x0000000000000454
Event: 32.482 Thread 0x00007f1894012000 Uncommon trap: reason=unstable_if action=reinterpret pc=0x00007f1884248c94 method=java.lang.String.substring(II)Ljava/lang/String; @ 31 c2
Event: 32.482 Thread 0x00007f1894012000 DEOPT PACKING pc=0x00007f1884248c94 sp=0x00007f189bd352f0
Event: 32.482 Thread 0x00007f1894012000 DEOPT UNPACKING pc=0x00007f187c778a25 sp=0x00007f189bd352a8 mode 2

Classes redefined (0 events):
No events

Internal exceptions (10 events):
Event: 21.282 Thread 0x00007f1814001800 Exception <a 'java/lang/ClassNotFoundException'{0x000000070d966540}: org/springframework/context/support/LiveBeansView> (0x000000070d966540) thrown at [/build/openjdk-lts-7bqZff/openjdk-lts-11.0.4+11/src/hotspot/share/classfile/systemDictionary.cpp, line 
Event: 21.282 Thread 0x00007f1814001800 Exception <a 'java/lang/ClassNotFoundException'{0x000000070d966910}: org/springframework/boot/actuate/endpoint/jmx/EndpointMBean> (0x000000070d966910) thrown at [/build/openjdk-lts-7bqZff/openjdk-lts-11.0.4+11/src/hotspot/share/classfile/systemDictionary.
Event: 21.282 Thread 0x00007f1814001800 Exception <a 'java/lang/ClassNotFoundException'{0x000000070d966ce0}: org/springframework/boot/actuate/endpoint/jmx/DataEndpointMBean> (0x000000070d966ce0) thrown at [/build/openjdk-lts-7bqZff/openjdk-lts-11.0.4+11/src/hotspot/share/classfile/systemDiction
Event: 21.282 Thread 0x00007f1814001800 Exception <a 'java/lang/ClassNotFoundException'{0x000000070d9670a8}: org/springframework/context/support/LiveBeansView> (0x000000070d9670a8) thrown at [/build/openjdk-lts-7bqZff/openjdk-lts-11.0.4+11/src/hotspot/share/classfile/systemDictionary.cpp, line 
Event: 21.282 Thread 0x00007f1814001800 Exception <a 'java/lang/ClassNotFoundException'{0x000000070d967460}: org/springframework/boot/actuate/endpoint/jmx/EndpointMBean> (0x000000070d967460) thrown at [/build/openjdk-lts-7bqZff/openjdk-lts-11.0.4+11/src/hotspot/share/classfile/systemDictionary.
Event: 21.282 Thread 0x00007f1814001800 Exception <a 'java/lang/ClassNotFoundException'{0x000000070d967818}: org/springframework/boot/actuate/endpoint/jmx/DataEndpointMBean> (0x000000070d967818) thrown at [/build/openjdk-lts-7bqZff/openjdk-lts-11.0.4+11/src/hotspot/share/classfile/systemDiction
Event: 21.282 Thread 0x00007f1814001800 Exception <a 'java/lang/ClassNotFoundException'{0x000000070d967bc8}: org/springframework/context/support/LiveBeansView> (0x000000070d967bc8) thrown at [/build/openjdk-lts-7bqZff/openjdk-lts-11.0.4+11/src/hotspot/share/classfile/systemDictionary.cpp, line 
Event: 21.282 Thread 0x00007f1814001800 Exception <a 'java/lang/ClassNotFoundException'{0x000000070d967f80}: org/springframework/boot/actuate/endpoint/jmx/EndpointMBean> (0x000000070d967f80) thrown at [/build/openjdk-lts-7bqZff/openjdk-lts-11.0.4+11/src/hotspot/share/classfile/systemDictionary.
Event: 21.283 Thread 0x00007f1814001800 Exception <a 'java/lang/ClassNotFoundException'{0x000000070d968338}: org/springframework/boot/actuate/endpoint/jmx/DataEndpointMBean> (0x000000070d968338) thrown at [/build/openjdk-lts-7bqZff/openjdk-lts-11.0.4+11/src/hotspot/share/classfile/systemDiction
Event: 21.283 Thread 0x00007f1814001800 Exception <a 'java/lang/ClassNotFoundException'{0x000000070d9686e8}: org/springframework/context/support/LiveBeansView> (0x000000070d9686e8) thrown at [/build/openjdk-lts-7bqZff/openjdk-lts-11.0.4+11/src/hotspot/share/classfile/systemDictionary.cpp, line 

Events (10 events):
Event: 64.740 Executing VM operation: RevokeBias done
Event: 64.741 Executing VM operation: RevokeBias
Event: 64.988 Executing VM operation: RevokeBias done
Event: 64.988 Executing VM operation: RevokeBias
Event: 65.246 Executing VM operation: RevokeBias done
Event: 65.246 Executing VM operation: RevokeBias
Event: 65.379 Executing VM operation: RevokeBias done
Event: 65.379 Executing VM operation: RevokeBias
Event: 65.715 Executing VM operation: RevokeBias done
Event: 66.634 Executing VM operation: G1CollectForAllocation


Dynamic libraries:
707400000-716e00000 rw-p 00000000 00:00 0 
72c800000-7bfe00000 ---p 00000000 00:00 0 
7bfe00000-7bfe34000 rw-p 01116000 08:01 10880147                         /usr/lib/jvm/java-11-openjdk-amd64/lib/server/classes.jsa
7bfe34000-7bff00000 rw-p 00000000 00:00 0 
7bff00000-7bff6a000 rw-p 010ac000 08:01 10880147                         /usr/lib/jvm/java-11-openjdk-amd64/lib/server/classes.jsa
7bff6a000-7c0000000 rw-p 00000000 00:00 0 
7c0000000-800000000 ---p 00000000 00:00 0 
800000000-800002000 rwxp 00001000 08:01 10880147                         /usr/lib/jvm/java-11-openjdk-amd64/lib/server/classes.jsa
800002000-8003bd000 rw-p 00003000 08:01 10880147                         /usr/lib/jvm/java-11-openjdk-amd64/lib/server/classes.jsa
8003bd000-800a98000 r--p 003be000 08:01 10880147                         /usr/lib/jvm/java-11-openjdk-amd64/lib/server/classes.jsa
800a98000-800a99000 rw-p 00a99000 08:01 10880147                         /usr/lib/jvm/java-11-openjdk-amd64/lib/server/classes.jsa
800a99000-8010ab000 r--p 00a9a000 08:01 10880147                         /usr/lib/jvm/java-11-openjdk-amd64/lib/server/classes.jsa
840000000-840260000 rw-p 00000000 00:00 0 
840260000-880000000 ---p 00000000 00:00 0 
560da96d6000-560da96d7000 r-xp 00000000 08:01 10884466                   /usr/lib/jvm/java-11-openjdk-amd64/bin/java
560da98d7000-560da98d8000 r--p 00001000 08:01 10884466                   /usr/lib/jvm/java-11-openjdk-amd64/bin/java
560da98d8000-560da98d9000 rw-p 00002000 08:01 10884466                   /usr/lib/jvm/java-11-openjdk-amd64/bin/java
560daa786000-560daa7a7000 rw-p 00000000 00:00 0                          [heap]
7f180c000000-7f180c021000 rw-p 00000000 00:00 0 
7f180c021000-7f1810000000 ---p 00000000 00:00 0 
7f1810000000-7f1810021000 rw-p 00000000 00:00 0 
7f1810021000-7f1814000000 ---p 00000000 00:00 0 
7f1814000000-7f1814021000 rw-p 00000000 00:00 0 
7f1814021000-7f1818000000 ---p 00000000 00:00 0 
7f1818000000-7f181809e000 rw-p 00000000 00:00 0 
7f181809e000-7f181c000000 ---p 00000000 00:00 0 
7f181c000000-7f181c021000 rw-p 00000000 00:00 0 
7f181c021000-7f1820000000 ---p 00000000 00:00 0 
7f1820000000-7f1820021000 rw-p 00000000 00:00 0 
7f1820021000-7f1824000000 ---p 00000000 00:00 0 
7f1824000000-7f18240cb000 rw-p 00000000 00:00 0 
7f18240cb000-7f1828000000 ---p 00000000 00:00 0 
7f1828000000-7f1828021000 rw-p 00000000 00:00 0 
7f1828021000-7f182c000000 ---p 00000000 00:00 0 
7f182c000000-7f182c021000 rw-p 00000000 00:00 0 
7f182c021000-7f1830000000 ---p 00000000 00:00 0 
7f1830000000-7f1830021000 rw-p 00000000 00:00 0 
7f1830021000-7f1834000000 ---p 00000000 00:00 0 
7f1834000000-7f1834021000 rw-p 00000000 00:00 0 
7f1834021000-7f1838000000 ---p 00000000 00:00 0 
7f1838000000-7f1838021000 rw-p 00000000 00:00 0 
7f1838021000-7f183c000000 ---p 00000000 00:00 0 
7f183c000000-7f183c7cb000 rw-p 00000000 00:00 0 
7f183c7cb000-7f1840000000 ---p 00000000 00:00 0 
7f1840000000-7f1840021000 rw-p 00000000 00:00 0 
7f1840021000-7f1844000000 ---p 00000000 00:00 0 
7f1844000000-7f1844021000 rw-p 00000000 00:00 0 
7f1844021000-7f1848000000 ---p 00000000 00:00 0 
7f1848000000-7f1849353000 rw-p 00000000 00:00 0 
7f1849353000-7f184c000000 ---p 00000000 00:00 0 
7f184c000000-7f184c021000 rw-p 00000000 00:00 0 
7f184c021000-7f1850000000 ---p 00000000 00:00 0 
7f1850000000-7f1850021000 rw-p 00000000 00:00 0 
7f1850021000-7f1854000000 ---p 00000000 00:00 0 
7f1854000000-7f1854021000 rw-p 00000000 00:00 0 
7f1854021000-7f1858000000 ---p 00000000 00:00 0 
7f1858000000-7f1858021000 rw-p 00000000 00:00 0 
7f1858021000-7f185c000000 ---p 00000000 00:00 0 
7f185cae7000-7f185cbe7000 rw-p 00000000 00:00 0 
7f185cbe7000-7f185cce7000 ---p 00000000 00:00 0 
7f185cce7000-7f185cceb000 ---p 00000000 00:00 0 
7f185cceb000-7f185cde8000 rw-p 00000000 00:00 0 
7f185cde8000-7f185cdec000 ---p 00000000 00:00 0 
7f185cdec000-7f185cee9000 rw-p 00000000 00:00 0 
7f185cee9000-7f185ceed000 ---p 00000000 00:00 0 
7f185ceed000-7f185d1ea000 rw-p 00000000 00:00 0 
7f185d1ea000-7f185d3ea000 rw-p 00000000 00:00 0 
7f185d3ea000-7f185d5ea000 rw-p 00000000 00:00 0 
7f185d5ea000-7f185d7ea000 rw-p 00000000 00:00 0 
7f185d7ea000-7f185d7ec000 r-xp 00000000 08:01 10884520                   /usr/lib/jvm/java-11-openjdk-amd64/lib/libextnet.so
7f185d7ec000-7f185d9eb000 ---p 00002000 08:01 10884520                   /usr/lib/jvm/java-11-openjdk-amd64/lib/libextnet.so
7f185d9eb000-7f185d9ec000 r--p 00001000 08:01 10884520                   /usr/lib/jvm/java-11-openjdk-amd64/lib/libextnet.so
7f185d9ec000-7f185d9ed000 rw-p 00002000 08:01 10884520                   /usr/lib/jvm/java-11-openjdk-amd64/lib/libextnet.so
7f185d9ed000-7f185d9ee000 ---p 00000000 00:00 0 
7f185d9ee000-7f185daef000 rw-p 00000000 00:00 0 
7f185daef000-7f185daf0000 ---p 00000000 00:00 0 
7f185daf0000-7f185dbf1000 rw-p 00000000 00:00 0 
7f185dbf1000-7f185dbf2000 ---p 00000000 00:00 0 
7f185dbf2000-7f185dcf3000 rw-p 00000000 00:00 0 
7f185dcf3000-7f185dcf4000 ---p 00000000 00:00 0 
7f185dcf4000-7f185ddf5000 rw-p 00000000 00:00 0 
7f185ddf5000-7f185ddfa000 r-xp 00000000 08:01 10884537                   /usr/lib/jvm/java-11-openjdk-amd64/lib/libmanagement_ext.so
7f185ddfa000-7f185dff9000 ---p 00005000 08:01 10884537                   /usr/lib/jvm/java-11-openjdk-amd64/lib/libmanagement_ext.so
7f185dff9000-7f185dffa000 r--p 00004000 08:01 10884537                   /usr/lib/jvm/java-11-openjdk-amd64/lib/libmanagement_ext.so
7f185dffa000-7f185dffb000 rw-p 00005000 08:01 10884537                   /usr/lib/jvm/java-11-openjdk-amd64/lib/libmanagement_ext.so
7f185dffb000-7f185dfff000 r-xp 00000000 08:01 10884535                   /usr/lib/jvm/java-11-openjdk-amd64/lib/libmanagement.so
7f185dfff000-7f185e1fe000 ---p 00004000 08:01 10884535                   /usr/lib/jvm/java-11-openjdk-amd64/lib/libmanagement.so
7f185e1fe000-7f185e1ff000 r--p 00003000 08:01 10884535                   /usr/lib/jvm/java-11-openjdk-amd64/lib/libmanagement.so
7f185e1ff000-7f185e200000 rw-p 00004000 08:01 10884535                   /usr/lib/jvm/java-11-openjdk-amd64/lib/libmanagement.so
7f185e200000-7f185e204000 ---p 00000000 00:00 0 
7f185e204000-7f185e301000 rw-p 00000000 00:00 0 
7f185e301000-7f185e305000 ---p 00000000 00:00 0 
7f185e305000-7f185e402000 rw-p 00000000 00:00 0 
7f185e402000-7f185e418000 r-xp 00000000 08:01 10884539                   /usr/lib/jvm/java-11-openjdk-amd64/lib/libnet.so
7f185e418000-7f185e617000 ---p 00016000 08:01 10884539                   /usr/lib/jvm/java-11-openjdk-amd64/lib/libnet.so
7f185e617000-7f185e618000 r--p 00015000 08:01 10884539                   /usr/lib/jvm/java-11-openjdk-amd64/lib/libnet.so
7f185e618000-7f185e619000 rw-p 00016000 08:01 10884539                   /usr/lib/jvm/java-11-openjdk-amd64/lib/libnet.so
7f185e619000-7f185e629000 r-xp 00000000 08:01 10884540                   /usr/lib/jvm/java-11-openjdk-amd64/lib/libnio.so
7f185e629000-7f185e828000 ---p 00010000 08:01 10884540                   /usr/lib/jvm/java-11-openjdk-amd64/lib/libnio.so
7f185e828000-7f185e829000 r--p 0000f000 08:01 10884540                   /usr/lib/jvm/java-11-openjdk-amd64/lib/libnio.so
7f185e829000-7f185e82a000 rw-p 00010000 08:01 10884540                   /usr/lib/jvm/java-11-openjdk-amd64/lib/libnio.so
7f185e82a000-7f185e82e000 ---p 00000000 00:00 0 
7f185e82e000-7f185e92b000 rw-p 00000000 00:00 0 
7f185e92b000-7f185e92c000 ---p 00000000 00:00 0 
7f185e92c000-7f185ea2d000 rw-p 00000000 00:00 0 
7f185ea2d000-7f185ea31000 ---p 00000000 00:00 0 
7f185ea31000-7f185eb2e000 rw-p 00000000 00:00 0 
7f185eb2e000-7f185eb32000 ---p 00000000 00:00 0 
7f185eb32000-7f185ec2f000 rw-p 00000000 00:00 0 
7f185ec2f000-7f185ec33000 ---p 00000000 00:00 0 
7f185ec33000-7f185ed30000 rw-p 00000000 00:00 0 
7f185ed30000-7f185ed34000 ---p 00000000 00:00 0 
7f185ed34000-7f185ee31000 rw-p 00000000 00:00 0 
7f185ee31000-7f185f800000 r--p 00000000 08:01 10754681                   /usr/lib/locale/locale-archive
7f185f800000-7f1860000000 rw-p 00000000 00:00 0 
7f1860000000-7f1860021000 rw-p 00000000 00:00 0 
7f1860021000-7f1864000000 ---p 00000000 00:00 0 
7f1864000000-7f1864021000 rw-p 00000000 00:00 0 
7f1864021000-7f1868000000 ---p 00000000 00:00 0 
7f1868000000-7f1868021000 rw-p 00000000 00:00 0 
7f1868021000-7f186c000000 ---p 00000000 00:00 0 
7f186c063000-7f186c067000 ---p 00000000 00:00 0 
7f186c067000-7f186c164000 rw-p 00000000 00:00 0 
7f186c164000-7f186c168000 ---p 00000000 00:00 0 
7f186c168000-7f186c265000 rw-p 00000000 00:00 0 
7f186c265000-7f186c269000 ---p 00000000 00:00 0 
7f186c269000-7f186c366000 rw-p 00000000 00:00 0 
7f186c366000-7f186c367000 ---p 00000000 00:00 0 
7f186c367000-7f186c544000 rw-p 00000000 00:00 0 
7f186c544000-7f186c545000 ---p 00000000 00:00 0 
7f186c545000-7f186c646000 rw-p 00000000 00:00 0 
7f186c646000-7f186c647000 ---p 00000000 00:00 0 
7f186c647000-7f186eb4c000 rw-p 00000000 00:00 0 
7f186eb4c000-7f186eb4d000 ---p 00000000 00:00 0 
7f186eb4d000-7f186f036000 rw-p 00000000 00:00 0 
7f186f036000-7f1871a76000 ---p 00000000 00:00 0 
7f1871a76000-7f1871a7e000 rw-p 00000000 00:00 0 
7f1871a7e000-7f1872a7e000 ---p 00000000 00:00 0 
7f1872a7e000-7f1872e66000 rw-p 00000000 00:00 0 
7f1872e66000-7f18758a6000 ---p 00000000 00:00 0 
7f18758a6000-7f18758ae000 rw-p 00000000 00:00 0 
7f18758ae000-7f18768ae000 ---p 00000000 00:00 0 
7f18768ae000-7f187692b000 rw-p 00000000 00:00 0 
7f187692b000-7f1876e73000 ---p 00000000 00:00 0 
7f1876e73000-7f1876e74000 rw-p 00000000 00:00 0 
7f1876e74000-7f1877074000 ---p 00000000 00:00 0 
7f1877074000-7f18770f1000 rw-p 00000000 00:00 0 
7f18770f1000-7f1877639000 ---p 00000000 00:00 0 
7f1877639000-7f187763a000 rw-p 00000000 00:00 0 
7f187763a000-7f187783a000 ---p 00000000 00:00 0 
7f187783a000-7f18778b7000 rw-p 00000000 00:00 0 
7f18778b7000-7f1877dff000 ---p 00000000 00:00 0 
7f1877dff000-7f1877e00000 rw-p 00000000 00:00 0 
7f1877e00000-7f1878000000 ---p 00000000 00:00 0 
7f1878000000-7f1878021000 rw-p 00000000 00:00 0 
7f1878021000-7f187c000000 ---p 00000000 00:00 0 
7f187c004000-7f187c05d000 rw-p 00000000 00:00 0 
7f187c05d000-7f187c05e000 ---p 00000000 00:00 0 
7f187c05e000-7f187c563000 rw-p 00000000 00:00 0 
7f187c563000-7f187c564000 ---p 00000000 00:00 0 
7f187c564000-7f187c66a000 rw-p 00000000 00:00 0 
7f187c66a000-7f187c750000 ---p 00000000 00:00 0 
7f187c750000-7f187c9c0000 rwxp 00000000 00:00 0 
7f187c9c0000-7f187cce0000 ---p 00000000 00:00 0 
7f187cce0000-7f187d5e0000 rwxp 00000000 00:00 0 
7f187d5e0000-7f1884218000 ---p 00000000 00:00 0 
7f1884218000-7f1884488000 rwxp 00000000 00:00 0 
7f1884488000-7f188b750000 ---p 00000000 00:00 0 
7f188b750000-7f1893dfa000 r--s 00000000 08:01 10884549                   /usr/lib/jvm/java-11-openjdk-amd64/lib/modules
7f1893dfa000-7f1893dff000 r-xp 00000000 08:01 10884531                   /usr/lib/jvm/java-11-openjdk-amd64/lib/libjimage.so
7f1893dff000-7f1893ffe000 ---p 00005000 08:01 10884531                   /usr/lib/jvm/java-11-openjdk-amd64/lib/libjimage.so
7f1893ffe000-7f1893fff000 r--p 00004000 08:01 10884531                   /usr/lib/jvm/java-11-openjdk-amd64/lib/libjimage.so
7f1893fff000-7f1894000000 rw-p 00005000 08:01 10884531                   /usr/lib/jvm/java-11-openjdk-amd64/lib/libjimage.so
7f1894000000-7f189499f000 rw-p 00000000 00:00 0 
7f189499f000-7f1898000000 ---p 00000000 00:00 0 
7f189801e000-7f1898030000 rw-p 00000000 00:00 0 
7f1898030000-7f1898109000 ---p 00000000 00:00 0 
7f1898109000-7f1898110000 r-xp 00000000 08:01 10884548                   /usr/lib/jvm/java-11-openjdk-amd64/lib/libzip.so
7f1898110000-7f189830f000 ---p 00007000 08:01 10884548                   /usr/lib/jvm/java-11-openjdk-amd64/lib/libzip.so
7f189830f000-7f1898310000 r--p 00006000 08:01 10884548                   /usr/lib/jvm/java-11-openjdk-amd64/lib/libzip.so
7f1898310000-7f1898311000 rw-p 00007000 08:01 10884548                   /usr/lib/jvm/java-11-openjdk-amd64/lib/libzip.so
7f1898311000-7f189831c000 r-xp 00000000 08:01 12325577                   /lib/x86_64-linux-gnu/libnss_files-2.27.so
7f189831c000-7f189851b000 ---p 0000b000 08:01 12325577                   /lib/x86_64-linux-gnu/libnss_files-2.27.so
7f189851b000-7f189851c000 r--p 0000a000 08:01 12325577                   /lib/x86_64-linux-gnu/libnss_files-2.27.so
7f189851c000-7f189851d000 rw-p 0000b000 08:01 12325577                   /lib/x86_64-linux-gnu/libnss_files-2.27.so
7f189851d000-7f1898523000 rw-p 00000000 00:00 0 
7f1898523000-7f189853a000 r-xp 00000000 08:01 12325571                   /lib/x86_64-linux-gnu/libnsl-2.27.so
7f189853a000-7f1898739000 ---p 00017000 08:01 12325571                   /lib/x86_64-linux-gnu/libnsl-2.27.so
7f1898739000-7f189873a000 r--p 00016000 08:01 12325571                   /lib/x86_64-linux-gnu/libnsl-2.27.so
7f189873a000-7f189873b000 rw-p 00017000 08:01 12325571                   /lib/x86_64-linux-gnu/libnsl-2.27.so
7f189873b000-7f189873d000 rw-p 00000000 00:00 0 
7f189873d000-7f1898748000 r-xp 00000000 08:01 12325588                   /lib/x86_64-linux-gnu/libnss_nis-2.27.so
7f1898748000-7f1898947000 ---p 0000b000 08:01 12325588                   /lib/x86_64-linux-gnu/libnss_nis-2.27.so
7f1898947000-7f1898948000 r--p 0000a000 08:01 12325588                   /lib/x86_64-linux-gnu/libnss_nis-2.27.so
7f1898948000-7f1898949000 rw-p 0000b000 08:01 12325588                   /lib/x86_64-linux-gnu/libnss_nis-2.27.so
7f1898949000-7f1898951000 r-xp 00000000 08:01 12325573                   /lib/x86_64-linux-gnu/libnss_compat-2.27.so
7f1898951000-7f1898b51000 ---p 00008000 08:01 12325573                   /lib/x86_64-linux-gnu/libnss_compat-2.27.so
7f1898b51000-7f1898b52000 r--p 00008000 08:01 12325573                   /lib/x86_64-linux-gnu/libnss_compat-2.27.so
7f1898b52000-7f1898b53000 rw-p 00009000 08:01 12325573                   /lib/x86_64-linux-gnu/libnss_compat-2.27.so
7f1898b53000-7f1898b7c000 r-xp 00000000 08:01 10884527                   /usr/lib/jvm/java-11-openjdk-amd64/lib/libjava.so
7f1898b7c000-7f1898d7b000 ---p 00029000 08:01 10884527                   /usr/lib/jvm/java-11-openjdk-amd64/lib/libjava.so
7f1898d7b000-7f1898d7c000 r--p 00028000 08:01 10884527                   /usr/lib/jvm/java-11-openjdk-amd64/lib/libjava.so
7f1898d7c000-7f1898d7e000 rw-p 00029000 08:01 10884527                   /usr/lib/jvm/java-11-openjdk-amd64/lib/libjava.so
7f1898d7e000-7f1898d8b000 r-xp 00000000 08:01 10884547                   /usr/lib/jvm/java-11-openjdk-amd64/lib/libverify.so
7f1898d8b000-7f1898f8a000 ---p 0000d000 08:01 10884547                   /usr/lib/jvm/java-11-openjdk-amd64/lib/libverify.so
7f1898f8a000-7f1898f8c000 r--p 0000c000 08:01 10884547                   /usr/lib/jvm/java-11-openjdk-amd64/lib/libverify.so
7f1898f8c000-7f1898f8d000 rw-p 0000e000 08:01 10884547                   /usr/lib/jvm/java-11-openjdk-amd64/lib/libverify.so
7f1898f8d000-7f1898f94000 r-xp 00000000 08:01 12325628                   /lib/x86_64-linux-gnu/librt-2.27.so
7f1898f94000-7f1899193000 ---p 00007000 08:01 12325628                   /lib/x86_64-linux-gnu/librt-2.27.so
7f1899193000-7f1899194000 r--p 00006000 08:01 12325628                   /lib/x86_64-linux-gnu/librt-2.27.so
7f1899194000-7f1899195000 rw-p 00007000 08:01 12325628                   /lib/x86_64-linux-gnu/librt-2.27.so
7f1899195000-7f18991ac000 r-xp 00000000 08:01 12325501                   /lib/x86_64-linux-gnu/libgcc_s.so.1
7f18991ac000-7f18993ab000 ---p 00017000 08:01 12325501                   /lib/x86_64-linux-gnu/libgcc_s.so.1
7f18993ab000-7f18993ac000 r--p 00016000 08:01 12325501                   /lib/x86_64-linux-gnu/libgcc_s.so.1
7f18993ac000-7f18993ad000 rw-p 00017000 08:01 12325501                   /lib/x86_64-linux-gnu/libgcc_s.so.1
7f18993ad000-7f189954a000 r-xp 00000000 08:01 12325550                   /lib/x86_64-linux-gnu/libm-2.27.so
7f189954a000-7f1899749000 ---p 0019d000 08:01 12325550                   /lib/x86_64-linux-gnu/libm-2.27.so
7f1899749000-7f189974a000 r--p 0019c000 08:01 12325550                   /lib/x86_64-linux-gnu/libm-2.27.so
7f189974a000-7f189974b000 rw-p 0019d000 08:01 12325550                   /lib/x86_64-linux-gnu/libm-2.27.so
7f189974b000-7f18998c4000 r-xp 00000000 08:01 10749343                   /usr/lib/x86_64-linux-gnu/libstdc++.so.6.0.25
7f18998c4000-7f1899ac4000 ---p 00179000 08:01 10749343                   /usr/lib/x86_64-linux-gnu/libstdc++.so.6.0.25
7f1899ac4000-7f1899ace000 r--p 00179000 08:01 10749343                   /usr/lib/x86_64-linux-gnu/libstdc++.so.6.0.25
7f1899ace000-7f1899ad0000 rw-p 00183000 08:01 10749343                   /usr/lib/x86_64-linux-gnu/libstdc++.so.6.0.25
7f1899ad0000-7f1899ad4000 rw-p 00000000 00:00 0 
7f1899ad4000-7f189aba0000 r-xp 00000000 08:01 10884552                   /usr/lib/jvm/java-11-openjdk-amd64/lib/server/libjvm.so
7f189aba0000-7f189ad9f000 ---p 010cc000 08:01 10884552                   /usr/lib/jvm/java-11-openjdk-amd64/lib/server/libjvm.so
7f189ad9f000-7f189ae5c000 r--p 010cb000 08:01 10884552                   /usr/lib/jvm/java-11-openjdk-amd64/lib/server/libjvm.so
7f189ae5c000-7f189ae95000 rw-p 01188000 08:01 10884552                   /usr/lib/jvm/java-11-openjdk-amd64/lib/server/libjvm.so
7f189ae95000-7f189aeeb000 rw-p 00000000 00:00 0 
7f189aeeb000-7f189af05000 r-xp 00000000 08:01 12325620                   /lib/x86_64-linux-gnu/libpthread-2.27.so
7f189af05000-7f189b104000 ---p 0001a000 08:01 12325620                   /lib/x86_64-linux-gnu/libpthread-2.27.so
7f189b104000-7f189b105000 r--p 00019000 08:01 12325620                   /lib/x86_64-linux-gnu/libpthread-2.27.so
7f189b105000-7f189b106000 rw-p 0001a000 08:01 12325620                   /lib/x86_64-linux-gnu/libpthread-2.27.so
7f189b106000-7f189b10a000 rw-p 00000000 00:00 0 
7f189b10a000-7f189b10d000 r-xp 00000000 08:01 12325510                   /lib/x86_64-linux-gnu/libdl-2.27.so
7f189b10d000-7f189b30c000 ---p 00003000 08:01 12325510                   /lib/x86_64-linux-gnu/libdl-2.27.so
7f189b30c000-7f189b30d000 r--p 00002000 08:01 12325510                   /lib/x86_64-linux-gnu/libdl-2.27.so
7f189b30d000-7f189b30e000 rw-p 00003000 08:01 12325510                   /lib/x86_64-linux-gnu/libdl-2.27.so
7f189b30e000-7f189b32a000 r-xp 00000000 08:01 12325659                   /lib/x86_64-linux-gnu/libz.so.1.2.11
7f189b32a000-7f189b529000 ---p 0001c000 08:01 12325659                   /lib/x86_64-linux-gnu/libz.so.1.2.11
7f189b529000-7f189b52a000 r--p 0001b000 08:01 12325659                   /lib/x86_64-linux-gnu/libz.so.1.2.11
7f189b52a000-7f189b52b000 rw-p 0001c000 08:01 12325659                   /lib/x86_64-linux-gnu/libz.so.1.2.11
7f189b52b000-7f189b712000 r-xp 00000000 08:01 12325487                   /lib/x86_64-linux-gnu/libc-2.27.so
7f189b712000-7f189b912000 ---p 001e7000 08:01 12325487                   /lib/x86_64-linux-gnu/libc-2.27.so
7f189b912000-7f189b916000 r--p 001e7000 08:01 12325487                   /lib/x86_64-linux-gnu/libc-2.27.so
7f189b916000-7f189b918000 rw-p 001eb000 08:01 12325487                   /lib/x86_64-linux-gnu/libc-2.27.so
7f189b918000-7f189b91c000 rw-p 00000000 00:00 0 
7f189b91c000-7f189b92c000 r-xp 00000000 08:01 10884511                   /usr/lib/jvm/java-11-openjdk-amd64/lib/jli/libjli.so
7f189b92c000-7f189bb2b000 ---p 00010000 08:01 10884511                   /usr/lib/jvm/java-11-openjdk-amd64/lib/jli/libjli.so
7f189bb2b000-7f189bb2c000 r--p 0000f000 08:01 10884511                   /usr/lib/jvm/java-11-openjdk-amd64/lib/jli/libjli.so
7f189bb2c000-7f189bb2d000 rw-p 00010000 08:01 10884511                   /usr/lib/jvm/java-11-openjdk-amd64/lib/jli/libjli.so
7f189bb2d000-7f189bb54000 r-xp 00000000 08:01 12325459                   /lib/x86_64-linux-gnu/ld-2.27.so
7f189bb65000-7f189bc31000 rw-p 00000000 00:00 0 
7f189bc31000-7f189bc38000 ---p 00000000 00:00 0 
7f189bc38000-7f189bc3c000 ---p 00000000 00:00 0 
7f189bc3c000-7f189bd3b000 rw-p 00000000 00:00 0 
7f189bd46000-7f189bd48000 r--s 00007000 08:01 11142482                   /usr/share/java/java-atk-wrapper.jar
7f189bd48000-7f189bd50000 rw-s 00000000 08:01 14025597                   /tmp/hsperfdata_webwerks/17166
7f189bd50000-7f189bd51000 ---p 00000000 00:00 0 
7f189bd51000-7f189bd52000 r--p 00000000 00:00 0 
7f189bd52000-7f189bd54000 rw-p 00000000 00:00 0 
7f189bd54000-7f189bd55000 r--p 00027000 08:01 12325459                   /lib/x86_64-linux-gnu/ld-2.27.so
7f189bd55000-7f189bd56000 rw-p 00028000 08:01 12325459                   /lib/x86_64-linux-gnu/ld-2.27.so
7f189bd56000-7f189bd57000 rw-p 00000000 00:00 0 
7ffe26078000-7ffe2609a000 rw-p 00000000 00:00 0                          [stack]
7ffe260ea000-7ffe260ed000 r--p 00000000 00:00 0                          [vvar]
7ffe260ed000-7ffe260ef000 r-xp 00000000 00:00 0                          [vdso]
ffffffffff600000-ffffffffff601000 r-xp 00000000 00:00 0                  [vsyscall]


VM Arguments:
jvm_args: -Dclassworlds.conf=/usr/share/maven/bin/m2.conf -Dmaven.home=/usr/share/maven -Dlibrary.jansi.path=/usr/share/maven/lib/jansi-native -Dmaven.multiModuleProjectDirectory=/home/webwerks/Documents/Study/Docker-swarm/micro-service/naming 
java_command: org.codehaus.plexus.classworlds.launcher.Launcher --batch-mode validate dependency:sources -DincludeScope=test -DoutputAbsoluteArtifactFilename=true
java_class_path (initial): /usr/share/maven/boot/plexus-classworlds-2.x.jar
Launcher Type: SUN_STANDARD

[Global flags]
     intx CICompilerCount                          = 3                                         {product} {ergonomic}
     uint ConcGCThreads                            = 1                                         {product} {ergonomic}
     uint G1ConcRefinementThreads                  = 4                                         {product} {ergonomic}
   size_t G1HeapRegionSize                         = 1048576                                   {product} {ergonomic}
    uintx GCDrainStackTargetSize                   = 64                                        {product} {ergonomic}
   size_t InitialHeapSize                          = 262144000                                 {product} {ergonomic}
   size_t MarkStackSize                            = 4194304                                   {product} {ergonomic}
   size_t MaxHeapSize                              = 4173332480                                {product} {ergonomic}
   size_t MaxNewSize                               = 2503999488                                {product} {ergonomic}
   size_t MinHeapDeltaBytes                        = 1048576                                   {product} {ergonomic}
    uintx NonNMethodCodeHeapSize                   = 5830092                                {pd product} {ergonomic}
    uintx NonProfiledCodeHeapSize                  = 122914074                              {pd product} {ergonomic}
    uintx ProfiledCodeHeapSize                     = 122914074                              {pd product} {ergonomic}
    uintx ReservedCodeCacheSize                    = 251658240                              {pd product} {ergonomic}
     bool SegmentedCodeCache                       = true                                      {product} {ergonomic}
     bool UseCompressedClassPointers               = true                                 {lp64_product} {ergonomic}
     bool UseCompressedOops                        = true                                 {lp64_product} {ergonomic}
     bool UseG1GC                                  = true                                      {product} {ergonomic}

Logging:
Log output configuration:
 #0: stdout all=warning uptime,level,tags
 #1: stderr all=off uptime,level,tags

Environment Variables:
PATH=/home/webwerks/google-cloud-sdk/bin:/home/webwerks/bin:/usr/local/sbin:/usr/local/bin:/usr/sbin:/usr/bin:/sbin:/bin:/usr/games:/usr/local/games:/snap/bin
USERNAME=webwerks
SHELL=/bin/bash
DISPLAY=:0

Signal Handlers:
SIGSEGV: [libjvm.so+0xde5f50], sa_mask[0]=11111111011111111101111111111110, sa_flags=SA_RESTART|SA_SIGINFO
SIGBUS: [libjvm.so+0xde5f50], sa_mask[0]=11111111011111111101111111111110, sa_flags=SA_RESTART|SA_SIGINFO
SIGFPE: [libjvm.so+0xde5f50], sa_mask[0]=11111111011111111101111111111110, sa_flags=SA_RESTART|SA_SIGINFO
SIGPIPE: [libjvm.so+0xbba5b0], sa_mask[0]=11111111011111111101111111111110, sa_flags=SA_RESTART|SA_SIGINFO
SIGXFSZ: [libjvm.so+0xbba5b0], sa_mask[0]=11111111011111111101111111111110, sa_flags=SA_RESTART|SA_SIGINFO
SIGILL: [libjvm.so+0xde5f50], sa_mask[0]=11111111011111111101111111111110, sa_flags=SA_RESTART|SA_SIGINFO
SIGUSR2: [libjvm.so+0xbba450], sa_mask[0]=00100000000000000000000000000000, sa_flags=SA_RESTART|SA_SIGINFO
SIGHUP: [libjvm.so+0xbba7b0], sa_mask[0]=11111111011111111101111111111110, sa_flags=SA_RESTART|SA_SIGINFO
SIGINT: [libjvm.so+0xbba7b0], sa_mask[0]=11111111011111111101111111111110, sa_flags=SA_RESTART|SA_SIGINFO
SIGTERM: [libjvm.so+0xbba7b0], sa_mask[0]=11111111011111111101111111111110, sa_flags=SA_RESTART|SA_SIGINFO
SIGQUIT: [libjvm.so+0xbba7b0], sa_mask[0]=11111111011111111101111111111110, sa_flags=SA_RESTART|SA_SIGINFO


---------------  S Y S T E M  ---------------

OS:DISTRIB_ID=Ubuntu
DISTRIB_RELEASE=18.04
DISTRIB_CODENAME=bionic
DISTRIB_DESCRIPTION="Ubuntu 18.04.2 LTS"
uname:Linux 4.15.0-58-generic #64-Ubuntu SMP Tue Aug 6 11:12:41 UTC 2019 x86_64
libc:glibc 2.27 NPTL 2.27 
rlimit: STACK 8192k, CORE 0k, NPROC 63480, NOFILE 4096, AS infinity, DATA infinity, FSIZE infinity
load average:39.82 14.95 5.88

/proc/meminfo:
MemTotal:       16297192 kB
MemFree:          145364 kB
MemAvailable:      66348 kB
Buffers:            7724 kB
Cached:           649864 kB
SwapCached:         6796 kB
Active:         13616300 kB
Inactive:        1918032 kB
Active(anon):   13591052 kB
Inactive(anon):  1873212 kB
Active(file):      25248 kB
Inactive(file):    44820 kB
Unevictable:         160 kB
Mlocked:             160 kB
SwapTotal:       2097148 kB
SwapFree:              0 kB
Dirty:                32 kB
Writeback:             0 kB
AnonPages:      14870848 kB
Mapped:           508332 kB
Shmem:            587128 kB
Slab:             271616 kB
SReclaimable:     106192 kB
SUnreclaim:       165424 kB
KernelStack:       40416 kB
PageTables:       165296 kB
NFS_Unstable:          0 kB
Bounce:                0 kB
WritebackTmp:          0 kB
CommitLimit:    10245744 kB
Committed_AS:   34907536 kB
VmallocTotal:   34359738367 kB
VmallocUsed:           0 kB
VmallocChunk:          0 kB
HardwareCorrupted:     0 kB
AnonHugePages:      2048 kB
ShmemHugePages:        0 kB
ShmemPmdMapped:        0 kB
CmaTotal:              0 kB
CmaFree:               0 kB
HugePages_Total:       0
HugePages_Free:        0
HugePages_Rsvd:        0
HugePages_Surp:        0
Hugepagesize:       2048 kB
DirectMap4k:      514272 kB
DirectMap2M:    16134144 kB


/proc/sys/kernel/threads-max (system-wide limit on the number of threads):
126960


/proc/sys/vm/max_map_count (maximum number of memory map areas a process may have):
65530


/proc/sys/kernel/pid_max (system-wide limit on number of process identifiers):
32768



container (cgroup) information:
container_type: cgroupv1
cpu_cpuset_cpus: 0-3
cpu_memory_nodes: 0
active_processor_count: 4
cpu_quota: -1
cpu_period: 100000
cpu_shares: -1
memory_limit_in_bytes: -1
memory_and_swap_limit_in_bytes: -2
memory_soft_limit_in_bytes: -1
memory_usage_in_bytes: 14779445248
memory_max_usage_in_bytes: 15051202560

Steal ticks since vm start: 0
Steal ticks percentage since vm start:  0.000

CPU:total 4 (initial active 4) (2 cores per cpu, 2 threads per core) family 6 model 58 stepping 9, cmov, cx8, fxsr, mmx, sse, sse2, sse3, ssse3, sse4.1, sse4.2, popcnt, avx, aes, clmul, erms, ht, tsc, tscinvbit, tscinv
CPU Model and flags from /proc/cpuinfo:
model name	: Intel(R) Core(TM) i5-3320M CPU @ 2.60GHz
flags		: fpu vme de pse tsc msr pae mce cx8 apic sep mtrr pge mca cmov pat pse36 clflush dts acpi mmx fxsr sse sse2 ss ht tm pbe syscall nx rdtscp lm constant_tsc arch_perfmon pebs bts rep_good nopl xtopology nonstop_tsc cpuid aperfmperf pni pclmulqdq dtes64 monitor ds_cpl vmx smx est tm2 ssse3 cx16 xtpr pdcm pcid sse4_1 sse4_2 x2apic popcnt tsc_deadline_timer aes xsave avx f16c rdrand lahf_lm cpuid_fault epb pti ssbd ibrs ibpb stibp tpr_shadow vnmi flexpriority ept vpid fsgsbase smep erms xsaveopt dtherm ida arat pln pts md_clear flush_l1d

Memory: 4k page, physical 16297192k(159092k free), swap 2097148k(0k free)

vm_info: OpenJDK 64-Bit Server VM (11.0.4+11-post-Ubuntu-1ubuntu218.04.3) for linux-amd64 JRE (11.0.4+11-post-Ubuntu-1ubuntu218.04.3), built on Jul 18 2019 18:21:46 by "buildd" with gcc 7.4.0

END.
